[17:42:10] INFO: Session started, sess_id=314, mode=plan, model=kimi-k2.5:cloud
[17:42:10] Choose persona START...: 
[17:42:10] Choose available number (x to cancel): 
[17:42:12] Set system message ( CTRL+x ENTER to Finish. ): 
[17:42:13] Choose history START...: 
[17:42:13] Choose available number (x to cancel): 
[17:42:14] Canceling...
[17:42:14] Tool training — warming up model on available tools...
[17:42:14] INFO: AI request (iteration 1, msgs=2)
[17:42:15] INFO: AI response: 248 prompt + 105 response tokens (total: 248 / 105)
[17:42:15] ✓ GetTip: Error: Missing required parameter(s): title
Usage:
<GetTip>
<title>string</title>
</GetTip>
[17:42:15] INFO: AI request (iteration 2, msgs=4)
[17:42:17] INFO: AI response: 317 prompt + 86 response tokens (total: 565 / 191)
[17:42:17] INFO: AI request (iteration 3, msgs=6)
[17:42:24] 
[Aborted: 'WriteFile' cannot be used in PLAN mode]
[17:42:24] Stream aborted: 'WriteFile' cannot be used in PLAN mode
[17:42:24] INFO: AI response: 0 prompt + 0 response tokens (total: 565 / 191)
[17:42:24] You: 
[17:43:06] INFO: AI request (iteration 1, msgs=8)
[17:43:09] INFO: AI response: 6036 prompt + 444 response tokens (total: 6601 / 635)
[17:43:09] You: 
[17:43:33] INFO: AI request (iteration 1, msgs=10)
[17:43:34] INFO: AI response: 6289 prompt + 73 response tokens (total: 12890 / 708)
[17:43:34] INFO: AI request (iteration 2, msgs=12)
[17:43:36] INFO: AI response: 6617 prompt + 96 response tokens (total: 19507 / 804)
[17:43:40] INFO: AI request (iteration 3, msgs=11)
[17:43:42] INFO: AI response: 1575 prompt + 63 response tokens (total: 21082 / 867)
[17:43:42] ✓ ReadFile: Error: File `package.json` not found
[17:43:42] ✓ ReadFile: Error: File `pyproject.toml` not found
[17:43:42] INFO: AI request (iteration 4, msgs=15)
[17:43:44] INFO: AI response: 1685 prompt + 60 response tokens (total: 22767 / 927)
[17:43:44] ✓ ReadFile: Error: File `src/tip_storage.py` not found
[17:43:44] ✓ ReadFile: Error: File `src/session_manager.py` not found
[17:43:44] INFO: AI request (iteration 5, msgs=18)
[17:43:45] INFO: AI response: 1769 prompt + 32 response tokens (total: 24536 / 959)
[17:43:45] INFO: AI request (iteration 6, msgs=20)
[17:43:46] INFO: AI response: 1827 prompt + 82 response tokens (total: 26363 / 1041)
[17:43:46] You: 
[17:44:02] INFO: AI request (iteration 1, msgs=22)
[17:44:03] INFO: AI response: 1838 prompt + 49 response tokens (total: 28201 / 1090)
[17:44:03] INFO: AI request (iteration 2, msgs=25)
[17:44:04] <Term
[Aborted: 'Terminal' cannot be used in PLAN mode]
[17:44:04] Stream aborted: 'Terminal' cannot be used in PLAN mode
[17:44:04] INFO: AI response: 0 prompt + 0 response tokens (total: 28201 / 1090)
[17:44:04] You: 
[17:44:36] INFO: AI request (iteration 1, msgs=27)
[17:44:39] INFO: AI response: 1948 prompt + 404 response tokens (total: 30149 / 1494)
[17:44:39] INFO: AI request (iteration 2, msgs=29)
[17:44:42] INFO: AI response: 2072 prompt + 496 response tokens (total: 32221 / 1990)
[17:44:42] INFO: AI request (iteration 3, msgs=38)
[17:44:44] INFO: AI response: 2754 prompt + 222 response tokens (total: 34975 / 2212)
[17:44:44] You: 
[17:45:09] You: 
[17:45:13] INFO: AI request (iteration 1, msgs=41)
[17:45:15] INFO: AI response: 2781 prompt + 92 response tokens (total: 37756 / 2304)
[17:45:15] ✓ GetTip: Error: Missing required parameter(s): title
Usage:
<GetTip>
<title>string</title>
</GetTip>
[17:45:15] INFO: AI request (iteration 2, msgs=44)
[17:45:17] INFO: AI response: 3316 prompt + 137 response tokens (total: 41072 / 2441)
[17:45:17] ✓ ReadFile: Error: File `src/tip_storage.py` not found
[17:45:17] INFO: AI request (iteration 3, msgs=46)
[17:45:19] INFO: AI response: 3362 prompt + 79 response tokens (total: 44434 / 2520)
[17:45:19] INFO: AI request (iteration 4, msgs=48)
[17:45:21] INFO: AI response: 11967 prompt + 165 response tokens (total: 56401 / 2685)
[17:45:21] INFO: AI request (iteration 5, msgs=52)
[17:45:25] INFO: AI response: 23140 prompt + 273 response tokens (total: 79541 / 2958)
[17:45:25] INFO: AI request (iteration 6, msgs=55)
[17:45:27] INFO: AI response: 23295 prompt + 169 response tokens (total: 102836 / 3127)
[17:45:27] INFO: AI request (iteration 7, msgs=59)
[17:45:31] INFO: AI response: 23470 prompt + 196 response tokens (total: 126306 / 3323)
[17:45:31] INFO: AI request (iteration 8, msgs=61)
[17:45:32] INFO: AI response: 24462 prompt + 48 response tokens (total: 150768 / 3371)
[17:45:32] INFO: AI request (iteration 9, msgs=63)
[17:45:34] INFO: AI response: 24491 prompt + 91 response tokens (total: 175259 / 3462)
[17:45:34] INFO: AI request (iteration 10, msgs=65)
[17:45:41] INFO: AI response: 24573 prompt + 697 response tokens (total: 199832 / 4159)
[17:45:41] Auto-continue: AI round 1/50 — task 1/8: (waiting)
[17:45:41] INFO: AI request (iteration 1, msgs=75)
[17:45:43] INFO: AI response: 25268 prompt + 110 response tokens (total: 225100 / 4269)
[17:45:43] ✓ ReinsertTip: Error: Missing required parameter(s): title
Usage:
<ReinsertTip>
<title>string</title>
</ReinsertTip>
[17:45:43] INFO: AI request (iteration 2, msgs=77)
[17:45:44] INFO: AI response: 25322 prompt + 37 response tokens (total: 250422 / 4306)
[17:45:44] INFO: AI request (iteration 3, msgs=81)
[17:46:08] INFO: AI response: 27568 prompt + 3244 response tokens (total: 277990 / 7550)
[17:46:08] INFO: AI request (iteration 4, msgs=83)
[17:46:10] INFO: AI response: 30746 prompt + 44 response tokens (total: 308736 / 7594)
[17:46:10] INFO: AI request (iteration 5, msgs=85)
[17:46:12] INFO: AI response: 31109 prompt + 74 response tokens (total: 339845 / 7668)
[17:46:12] INFO: AI request (iteration 6, msgs=87)
[17:46:14] INFO: AI response: 31197 prompt + 134 response tokens (total: 371042 / 7802)
[17:46:14] INFO: AI request (iteration 7, msgs=89)
[17:46:16] INFO: AI response: 31429 prompt + 29 response tokens (total: 402471 / 7831)
[17:46:16] INFO: AI request (iteration 8, msgs=92)
[17:46:17] INFO: AI response: 31466 prompt + 45 response tokens (total: 433937 / 7876)
[17:46:17] INFO: AI request (iteration 9, msgs=94)
[17:46:30] INFO: AI response: 34348 prompt + 1816 response tokens (total: 468285 / 9692)
[17:46:30] INFO: AI request (iteration 10, msgs=96)
[17:46:32] INFO: AI response: 36126 prompt + 46 response tokens (total: 504411 / 9738)
[17:46:32] Auto-continue: AI round 2/50 — task 1/8: 
[17:46:32] INFO: AI request (iteration 1, msgs=99)
[17:47:02] INFO: AI response: 43596 prompt + 4644 response tokens (total: 548007 / 14382)
[17:47:02] INFO: AI request (iteration 2, msgs=101)
[17:47:05] INFO: AI response: 48221 prompt + 40 response tokens (total: 596228 / 14422)
[17:47:05] INFO: AI request (iteration 3, msgs=103)
[17:47:09] INFO: AI response: 50173 prompt + 324 response tokens (total: 646401 / 14746)
[17:47:09] INFO: AI request (iteration 4, msgs=105)
[17:47:11] INFO: AI response: 50503 prompt + 43 response tokens (total: 696904 / 14789)
[17:47:11] INFO: AI request (iteration 5, msgs=107)
[17:47:14] INFO: AI response: 53207 prompt + 125 response tokens (total: 750111 / 14914)
[17:47:14] INFO: AI request (iteration 6, msgs=109)
[17:47:16] INFO: AI response: 53350 prompt + 37 response tokens (total: 803461 / 14951)
[17:47:16] INFO: AI request (iteration 7, msgs=111)
[17:47:23] INFO: AI response: 56064 prompt + 152 response tokens (total: 859525 / 15103)
[17:47:23] INFO: AI request (iteration 8, msgs=113)
[17:47:42] INFO: AI response: 56264 prompt + 2738 response tokens (total: 915789 / 17841)
[17:47:42] INFO: AI request (iteration 9, msgs=115)
[17:47:48] INFO: AI response: 59006 prompt + 483 response tokens (total: 974795 / 18324)
[17:47:48] INFO: AI request (iteration 10, msgs=119)
[17:47:51] INFO: AI response: 59282 prompt + 33 response tokens (total: 1034077 / 18357)
[17:47:51] Auto-continue: AI round 3/50 — task 1/8: 
[17:47:51] INFO: AI request (iteration 1, msgs=122)
[17:48:08] INFO: AI response: 63445 prompt + 2249 response tokens (total: 1097522 / 20606)
[17:48:08] INFO: AI request (iteration 2, msgs=124)
[17:48:12] INFO: AI response: 65695 prompt + 210 response tokens (total: 1163217 / 20816)
[17:48:12] INFO: AI request (iteration 3, msgs=129)
[17:48:15] INFO: AI response: 66029 prompt + 168 response tokens (total: 1229246 / 20984)
[17:48:15] INFO: AI request (iteration 4, msgs=131)
[17:48:17] INFO: AI response: 66333 prompt + 34 response tokens (total: 1295579 / 21018)
[17:48:17] INFO: AI request (iteration 5, msgs=134)
[17:48:19] INFO: AI response: 66369 prompt + 79 response tokens (total: 1361948 / 21097)
[17:48:19] INFO: AI request (iteration 6, msgs=136)
[17:48:24] INFO: AI response: 67084 prompt + 306 response tokens (total: 1429032 / 21403)
[17:48:24] INFO: AI request (iteration 7, msgs=138)
[17:48:37] INFO: AI response: 71698 prompt + 1750 response tokens (total: 1500730 / 23153)
[17:48:37] INFO: AI request (iteration 8, msgs=140)
[17:48:40] INFO: AI response: 73408 prompt + 93 response tokens (total: 1574138 / 23246)
[17:48:40] INFO: AI request (iteration 9, msgs=142)
[17:48:55] INFO: AI response: 73549 prompt + 1564 response tokens (total: 1647687 / 24810)
[17:48:55] INFO: AI request (iteration 10, msgs=144)
[17:49:03] INFO: AI response: 75141 prompt + 776 response tokens (total: 1722828 / 25586)
[17:49:03] Auto-continue: AI round 4/50 — task 2/8: 
[17:49:03] INFO: AI request (iteration 1, msgs=147)
[17:49:06] INFO: AI response: 75972 prompt + 126 response tokens (total: 1798800 / 25712)
[17:49:06] INFO: AI request (iteration 2, msgs=149)
[17:49:08] INFO: AI response: 76056 prompt + 58 response tokens (total: 1874856 / 25770)
[17:49:08] INFO: AI request (iteration 3, msgs=151)
[17:49:49] INFO: AI response: 82048 prompt + 5939 response tokens (total: 1956904 / 31709)
[17:49:49] INFO: AI request (iteration 4, msgs=153)
[17:49:53] INFO: AI response: 87982 prompt + 386 response tokens (total: 2044886 / 32095)
[17:49:53] INFO: AI request (iteration 5, msgs=155)
[17:49:55] INFO: AI response: 88412 prompt + 102 response tokens (total: 2133298 / 32197)
[17:49:55] INFO: AI request (iteration 6, msgs=158)
[17:50:09] INFO: AI response: 88609 prompt + 2293 response tokens (total: 2221907 / 34490)
[17:50:09] INFO: AI request (iteration 7, msgs=160)
[17:50:12] INFO: AI response: 90911 prompt + 114 response tokens (total: 2312818 / 34604)
[17:50:12] INFO: AI request (iteration 8, msgs=163)
[17:50:15] INFO: AI response: 91081 prompt + 166 response tokens (total: 2403899 / 34770)
[17:50:15] INFO: AI request (iteration 9, msgs=165)
[17:50:18] INFO: AI response: 91383 prompt + 60 response tokens (total: 2495282 / 34830)
[17:50:18] INFO: AI request (iteration 10, msgs=168)
[17:50:21] INFO: AI response: 91419 prompt + 31 response tokens (total: 2586701 / 34861)
[17:50:21] Auto-continue: AI round 5/50 — task 3/8: 
[17:50:24] INFO: AI request (iteration 1, msgs=29)
[17:50:25] INFO: AI response: 16018 prompt + 69 response tokens (total: 2602719 / 34930)
[17:50:25] INFO: AI request (iteration 2, msgs=31)
[17:51:05] INFO: AI response: 19156 prompt + 6667 response tokens (total: 2621875 / 41597)
[17:51:05] INFO: AI request (iteration 3, msgs=34)
[17:51:40] INFO: AI response: 26047 prompt + 5946 response tokens (total: 2647922 / 47543)
[17:51:40] INFO: AI request (iteration 4, msgs=36)
[17:51:43] INFO: AI response: 32000 prompt + 180 response tokens (total: 2679922 / 47723)
[17:51:43] INFO: AI request (iteration 5, msgs=38)
[17:51:45] INFO: AI response: 32194 prompt + 22 response tokens (total: 2712116 / 47745)
[17:51:45] INFO: AI request (iteration 6, msgs=41)
[17:51:46] INFO: AI response: 32230 prompt + 36 response tokens (total: 2744346 / 47781)
[17:51:46] INFO: AI request (iteration 7, msgs=43)
[17:51:48] INFO: AI response: 33109 prompt + 61 response tokens (total: 2777455 / 47842)
[17:51:48] INFO: AI request (iteration 8, msgs=45)
[17:51:50] INFO: AI response: 33193 prompt + 40 response tokens (total: 2810648 / 47882)
[17:51:50] INFO: AI request (iteration 9, msgs=47)
[17:51:52] INFO: AI response: 38792 prompt + 165 response tokens (total: 2849440 / 48047)
[17:51:52] INFO: AI request (iteration 10, msgs=49)
[17:51:57] INFO: AI response: 38953 prompt + 572 response tokens (total: 2888393 / 48619)
[17:51:57] Auto-continue: AI round 6/50 — task 4/8: 
[17:51:57] INFO: AI request (iteration 1, msgs=52)
[17:51:59] INFO: AI response: 39581 prompt + 99 response tokens (total: 2927974 / 48718)
[17:51:59] INFO: AI request (iteration 2, msgs=54)
[17:52:01] INFO: AI response: 39665 prompt + 41 response tokens (total: 2967639 / 48759)
[17:52:01] INFO: AI request (iteration 3, msgs=56)
[17:52:38] INFO: AI response: 45731 prompt + 6162 response tokens (total: 3013370 / 54921)
[17:52:38] INFO: AI request (iteration 4, msgs=58)
[17:53:01] INFO: AI response: 51884 prompt + 840 response tokens (total: 3065254 / 55761)
[17:53:01] INFO: AI request (iteration 5, msgs=60)
[17:53:04] INFO: AI response: 52770 prompt + 191 response tokens (total: 3118024 / 55952)
[17:53:04] INFO: AI request (iteration 6, msgs=62)
[17:53:10] INFO: AI response: 53005 prompt + 519 response tokens (total: 3171029 / 56471)
[17:53:10] INFO: AI request (iteration 7, msgs=64)
[17:53:14] INFO: AI response: 53572 prompt + 490 response tokens (total: 3224601 / 56961)
[17:53:14] INFO: AI request (iteration 8, msgs=66)
[17:54:01] INFO: AI response: 54104 prompt + 6087 response tokens (total: 3278705 / 63048)
[17:54:01] INFO: AI request (iteration 9, msgs=68)
[17:54:04] INFO: AI response: 60198 prompt + 148 response tokens (total: 3338903 / 63196)
[17:54:04] INFO: AI request (iteration 10, msgs=72)
[17:54:08] INFO: AI response: 60535 prompt + 486 response tokens (total: 3399438 / 63682)
[17:54:08] Auto-continue: AI round 7/50 — task 4/8: 
[17:54:08] INFO: AI request (iteration 1, msgs=75)
[17:54:11] INFO: AI response: 61080 prompt + 59 response tokens (total: 3460518 / 63741)
[17:54:11] INFO: AI request (iteration 2, msgs=77)
[17:54:15] INFO: AI response: 61168 prompt + 217 response tokens (total: 3521686 / 63958)
[17:54:15] INFO: AI request (iteration 3, msgs=79)
[17:54:17] INFO: AI response: 61572 prompt + 42 response tokens (total: 3583258 / 64000)
[17:54:17] INFO: AI request (iteration 4, msgs=82)
[17:54:19] INFO: AI response: 61608 prompt + 36 response tokens (total: 3644866 / 64036)
[17:54:19] INFO: AI request (iteration 5, msgs=84)
[17:55:03] INFO: AI response: 62687 prompt + 6485 response tokens (total: 3707553 / 70521)
[17:55:03] INFO: AI request (iteration 6, msgs=86)
[17:55:06] INFO: AI response: 69162 prompt + 58 response tokens (total: 3776715 / 70579)
[17:55:06] INFO: AI request (iteration 7, msgs=88)
[17:55:11] INFO: AI response: 69251 prompt + 545 response tokens (total: 3845966 / 71124)
[17:55:11] INFO: AI request (iteration 8, msgs=90)
[17:55:17] INFO: AI response: 69844 prompt + 475 response tokens (total: 3915810 / 71599)
[17:55:17] INFO: AI request (iteration 9, msgs=92)
[17:55:21] INFO: AI response: 70358 prompt + 228 response tokens (total: 3986168 / 71827)
[17:55:21] INFO: AI request (iteration 10, msgs=94)
[17:55:25] INFO: AI response: 70635 prompt + 273 response tokens (total: 4056803 / 72100)
[17:55:25] Auto-continue: AI round 8/50 — task 5/8: 
[17:55:25] INFO: AI request (iteration 1, msgs=97)
[17:55:27] INFO: AI response: 70981 prompt + 157 response tokens (total: 4127784 / 72257)
[17:55:27] INFO: AI request (iteration 2, msgs=100)
[17:56:14] INFO: AI response: 71211 prompt + 6604 response tokens (total: 4198995 / 78861)
[17:56:14] INFO: AI request (iteration 3, msgs=102)
[17:56:31] INFO: AI response: 77817 prompt + 2520 response tokens (total: 4276812 / 81381)
[17:56:31] INFO: AI request (iteration 4, msgs=104)
[17:56:34] INFO: AI response: 80344 prompt + 92 response tokens (total: 4357156 / 81473)
[17:56:34] Auto-continue: AI round 9/50 — task 5/8: 
[17:56:34] INFO: AI request (iteration 1, msgs=106)
[17:56:37] INFO: AI response: 80361 prompt + 114 response tokens (total: 4437517 / 81587)
[17:56:37] INFO: AI request (iteration 2, msgs=109)
[17:56:40] INFO: AI response: 80531 prompt + 259 response tokens (total: 4518048 / 81846)
[17:56:40] INFO: AI request (iteration 3, msgs=111)
[17:56:42] INFO: AI response: 81017 prompt + 32 response tokens (total: 4599065 / 81878)
[17:56:42] INFO: AI request (iteration 4, msgs=114)
[17:56:45] INFO: AI response: 81053 prompt + 32 response tokens (total: 4680118 / 81910)
[17:56:45] INFO: AI request (iteration 5, msgs=116)
[17:57:21] INFO: AI response: 82371 prompt + 5277 response tokens (total: 4762489 / 87187)
[17:57:21] INFO: AI request (iteration 6, msgs=118)
[17:57:26] INFO: AI response: 87638 prompt + 423 response tokens (total: 4850127 / 87610)
[17:57:31] INFO: AI request (iteration 7, msgs=30)
[17:57:34] INFO: AI response: 23776 prompt + 255 response tokens (total: 4873903 / 87865)
[17:57:34] INFO: AI request (iteration 8, msgs=32)
[17:57:37] INFO: AI response: 24065 prompt + 366 response tokens (total: 4897968 / 88231)
[17:57:37] INFO: AI request (iteration 9, msgs=34)
[17:57:40] INFO: AI response: 24483 prompt + 336 response tokens (total: 4922451 / 88567)
[17:57:40] INFO: AI request (iteration 10, msgs=36)
[17:57:44] INFO: AI response: 24870 prompt + 601 response tokens (total: 4947321 / 89168)
[17:57:44] Auto-continue: AI round 10/50 — task 6/8: 
[17:57:44] INFO: AI request (iteration 1, msgs=39)
[17:57:46] INFO: AI response: 25536 prompt + 29 response tokens (total: 4972857 / 89197)
[17:57:46] INFO: AI request (iteration 2, msgs=41)
[17:57:50] INFO: AI response: 26854 prompt + 176 response tokens (total: 4999711 / 89373)
[17:57:50] INFO: AI request (iteration 3, msgs=45)
[17:57:52] INFO: AI response: 27169 prompt + 43 response tokens (total: 5026880 / 89416)
[17:57:52] INFO: AI request (iteration 4, msgs=47)
[17:58:35] INFO: AI response: 34042 prompt + 7592 response tokens (total: 5060922 / 97008)
[17:58:35] INFO: AI request (iteration 5, msgs=49)
[17:58:52] INFO: AI response: 34078 prompt + 2791 response tokens (total: 5095000 / 99799)
[17:58:52] INFO: AI request (iteration 6, msgs=51)
[17:58:54] INFO: AI response: 36882 prompt + 102 response tokens (total: 5131882 / 99901)
[17:58:54] INFO: AI request (iteration 7, msgs=54)
[17:58:58] INFO: AI response: 37052 prompt + 285 response tokens (total: 5168934 / 100186)
[17:58:58] INFO: AI request (iteration 8, msgs=56)
[17:59:00] INFO: AI response: 37590 prompt + 23 response tokens (total: 5206524 / 100209)
[17:59:00] INFO: AI request (iteration 9, msgs=59)
[17:59:02] INFO: AI response: 37626 prompt + 32 response tokens (total: 5244150 / 100241)
[17:59:02] INFO: AI request (iteration 10, msgs=61)
[17:59:29] INFO: AI response: 39209 prompt + 4747 response tokens (total: 5283359 / 104988)
[17:59:29] Auto-continue: AI round 11/50 — task 7/8: 
[17:59:29] INFO: AI request (iteration 1, msgs=64)
[17:59:31] INFO: AI response: 43954 prompt + 142 response tokens (total: 5327313 / 105130)
[17:59:31] INFO: AI request (iteration 2, msgs=66)
[17:59:35] INFO: AI response: 44043 prompt + 521 response tokens (total: 5371356 / 105651)
[17:59:35] INFO: AI request (iteration 3, msgs=68)
[17:59:38] INFO: AI response: 44604 prompt + 215 response tokens (total: 5415960 / 105866)
[17:59:38] INFO: AI request (iteration 4, msgs=70)
[17:59:45] INFO: AI response: 44861 prompt + 666 response tokens (total: 5460821 / 106532)
[17:59:45] INFO: AI request (iteration 5, msgs=72)
[17:59:47] INFO: AI response: 45569 prompt + 70 response tokens (total: 5506390 / 106602)
[17:59:47] INFO: AI request (iteration 6, msgs=74)
[17:59:49] INFO: AI response: 45684 prompt + 39 response tokens (total: 5552074 / 106641)
[17:59:49] INFO: AI request (iteration 7, msgs=76)
[18:01:36] INFO: AI response: 52554 prompt + 7999 response tokens (total: 5604628 / 114640)
[18:01:36] INFO: AI request (iteration 8, msgs=78)
[18:01:41] INFO: AI response: 52589 prompt + 255 response tokens (total: 5657217 / 114895)
[18:01:41] INFO: AI request (iteration 9, msgs=80)
[18:01:48] INFO: AI response: 52892 prompt + 213 response tokens (total: 5710109 / 115108)
[18:01:48] INFO: AI request (iteration 10, msgs=82)
[18:01:50] INFO: AI response: 53148 prompt + 45 response tokens (total: 5763257 / 115153)
[18:01:50] Auto-continue: AI round 12/50 — task 7/8: 
[18:01:50] INFO: AI request (iteration 1, msgs=85)
[18:02:31] INFO: AI response: 55832 prompt + 2955 response tokens (total: 5819089 / 118108)
[18:02:31] INFO: AI request (iteration 2, msgs=87)
[18:02:34] INFO: AI response: 58794 prompt + 108 response tokens (total: 5877883 / 118216)
[18:02:34] INFO: AI request (iteration 3, msgs=90)
[18:02:39] INFO: AI response: 58964 prompt + 293 response tokens (total: 5936847 / 118509)
[18:02:39] INFO: AI request (iteration 4, msgs=92)
[18:02:43] INFO: AI response: 59522 prompt + 28 response tokens (total: 5996369 / 118537)
[18:02:43] INFO: AI request (iteration 5, msgs=95)
[18:02:45] INFO: AI response: 59558 prompt + 26 response tokens (total: 6055927 / 118563)
[18:02:45] INFO: AI request (iteration 6, msgs=97)
[18:03:08] INFO: AI response: 61417 prompt + 1962 response tokens (total: 6117344 / 120525)
[18:03:08] INFO: AI request (iteration 7, msgs=99)
[18:03:11] INFO: AI response: 63266 prompt + 148 response tokens (total: 6180610 / 120673)
[18:03:11] INFO: AI request (iteration 8, msgs=101)
[18:03:18] INFO: AI response: 63406 prompt + 387 response tokens (total: 6244016 / 121060)
[18:03:18] INFO: AI request (iteration 9, msgs=103)
[18:03:35] INFO: AI response: 63803 prompt + 1580 response tokens (total: 6307819 / 122640)
[18:03:35] INFO: AI request (iteration 10, msgs=105)
[18:03:38] INFO: AI response: 65391 prompt + 60 response tokens (total: 6373210 / 122700)
[18:03:38] Auto-continue: AI round 13/50 — task 8/8: 
[18:03:38] INFO: AI request (iteration 1, msgs=108)
[18:03:44] INFO: AI response: 65492 prompt + 227 response tokens (total: 6438702 / 122927)
[18:03:44] INFO: AI request (iteration 2, msgs=110)
[18:03:46] INFO: AI response: 65870 prompt + 23 response tokens (total: 6504572 / 122950)
[18:03:46] INFO: AI request (iteration 3, msgs=112)
[18:04:01] INFO: AI response: 65899 prompt + 544 response tokens (total: 6570471 / 123494)
[18:04:01] You: 
[18:04:20] INFO: AI request (iteration 1, msgs=114)
[18:04:24] INFO: AI response: 66437 prompt + 109 response tokens (total: 6636908 / 123603)
[18:04:24] ✓ ReadFile: Error: Missing required parameter(s): fileName
Usage:
<ReadFile>
<fileName>string</fileName>
</ReadFile>
[18:04:24] ✓ Terminal: Error: Missing required parameter(s): arg1
Usage:
<Terminal>
<arg1>string</arg1>
<arg2>string</arg2>
<arg3>string</arg3>
<arg4>string</arg4>
<arg5>string</arg5>
</Terminal>
[18:04:24] INFO: AI request (iteration 2, msgs=117)
[18:04:27] INFO: AI response: 66558 prompt + 44 response tokens (total: 6703466 / 123647)
[18:04:27] INFO: AI request (iteration 3, msgs=119)
[18:04:43] INFO: AI response: 68389 prompt + 1286 response tokens (total: 6771855 / 124933)
[18:04:43] INFO: AI request (iteration 4, msgs=121)
[18:04:49] INFO: AI response: 69687 prompt + 328 response tokens (total: 6841542 / 125261)
[18:04:49] INFO: AI request (iteration 5, msgs=123)
[18:04:57] INFO: AI response: 70057 prompt + 691 response tokens (total: 6911599 / 125952)
[18:04:57] INFO: AI request (iteration 6, msgs=125)
[18:05:01] INFO: AI response: 70819 prompt + 46 response tokens (total: 6982418 / 125998)
[18:05:01] INFO: AI request (iteration 7, msgs=127)
[18:05:08] INFO: AI response: 71939 prompt + 469 response tokens (total: 7054357 / 126467)
[18:05:08] You: 
[18:29:45] INFO: Session started, sess_id=315, mode=build, model=kimi-k2.5:cloud
[18:29:45] You: 
[18:29:49] You: 
[18:30:19] INFO: Session started, sess_id=316, mode=build, model=kimi-k2.5:cloud
[18:30:19] You: 
[18:30:38] INFO: AI request (iteration 1, msgs=129)
[18:30:41] INFO: AI response: 72281 prompt + 70 response tokens (total: 3727200 / 62855)
[18:30:41] INFO: AI request (iteration 2, msgs=131)
[18:31:05] INFO: AI response: 74635 prompt + 2414 response tokens (total: 3801835 / 65269)
[18:31:05] INFO: AI request (iteration 3, msgs=133)
[18:31:10] INFO: AI response: 77034 prompt + 146 response tokens (total: 3878869 / 65415)
[18:31:10] ✓ ReplaceLine: Error: fromLine 130 exceeds file length (125 lines).
[18:31:10] INFO: AI request (iteration 4, msgs=135)
[18:31:17] INFO: AI response: 77169 prompt + 125 response tokens (total: 3956038 / 65540)
[18:31:17] INFO: AI request (iteration 5, msgs=137)
[18:31:23] INFO: AI response: 77347 prompt + 374 response tokens (total: 4033385 / 65914)
[18:31:23] You: 
[18:32:15] INFO: Session started, sess_id=317, mode=build, model=kimi-k2.5:cloud
[18:32:15] You: 
[18:32:18] You: 
[18:32:23] You: 
[18:32:30] You: 
[18:32:55] INFO: AI request (iteration 1, msgs=140)
[18:32:58] INFO: AI response: 77559 prompt + 74 response tokens (total: 4110944 / 65988)
[18:32:58] INFO: AI request (iteration 2, msgs=142)
[18:33:03] <WriteFile
[Aborted: 'WriteFile' cannot be used in PLAN mode]
[18:33:03] Stream aborted: 'WriteFile' cannot be used in PLAN mode
[18:33:03] INFO: AI response: 0 prompt + 0 response tokens (total: 4110944 / 65988)
[18:33:03] You: 
[18:33:15] INFO: AI request (iteration 1, msgs=144)
[18:33:19] <Write
[Aborted: 'WriteFile' cannot be used in PLAN mode]
[18:33:19] Stream aborted: 'WriteFile' cannot be used in PLAN mode
[18:33:19] INFO: AI response: 0 prompt + 0 response tokens (total: 4110944 / 65988)
[18:33:19] You: 
[18:33:50] INFO: AI request (iteration 1, msgs=146)
[18:33:52] INFO: AI response: 78907 prompt + 54 response tokens (total: 4189851 / 66042)
[18:33:52] ✓ GetTip: Error: Missing required parameter(s): title
Usage:
<GetTip>
<title>string</title>
</GetTip>
[18:33:52] INFO: AI request (iteration 2, msgs=148)
[18:33:55] INFO: AI response: 78954 prompt + 72 response tokens (total: 4268805 / 66114)
[18:33:55] INFO: AI request (iteration 3, msgs=150)
[18:33:59] INFO: AI response: 79027 prompt + 90 response tokens (total: 4347832 / 66204)
[18:33:59] INFO: AI request (iteration 4, msgs=152)
[18:34:01] <Write
[Aborted: 'WriteFile' cannot be used in PLAN mode]
[18:34:01] Stream aborted: 'WriteFile' cannot be used in PLAN mode
[18:34:01] INFO: AI response: 0 prompt + 0 response tokens (total: 4347832 / 66204)
[18:34:01] You: 
[18:34:07] You: 
[18:34:12] INFO: Session started, sess_id=318, mode=plan, model=kimi-k2.5:cloud
[18:34:12] Choose persona START...: 
[18:34:12] Choose available number (x to cancel): 
[18:34:15] Set system message ( CTRL+x ENTER to Finish. ): 
[18:34:16] Choose history START...: 
[18:34:16] Choose available number (x to cancel): 
[18:34:17] Canceling...
[18:34:17] Tool training — warming up model on available tools...
[18:34:17] INFO: AI request (iteration 1, msgs=2)
[18:34:19] INFO: AI response: 255 prompt + 140 response tokens (total: 255 / 140)
[18:34:19] ✓ GetTip: Error: Missing required parameter(s): title
Usage:
<GetTip>
<title>string</title>
</GetTip>
[18:34:19] INFO: AI request (iteration 2, msgs=4)
[18:34:21] INFO: AI response: 318 prompt + 55 response tokens (total: 573 / 195)
[18:34:21] INFO: AI request (iteration 3, msgs=6)
[18:34:25] <WriteFile
[Aborted: 'WriteFile' cannot be used in PLAN mode]
[18:34:25] Stream aborted: 'WriteFile' cannot be used in PLAN mode
[18:34:25] INFO: AI response: 0 prompt + 0 response tokens (total: 573 / 195)
[18:34:25] You: 
[18:34:54] INFO: AI request (iteration 1, msgs=8)
[18:34:56] INFO: AI response: 5484 prompt + 90 response tokens (total: 6057 / 285)
[18:34:56] INFO: AI request (iteration 2, msgs=10)
[18:34:58] INFO: AI response: 7730 prompt + 93 response tokens (total: 13787 / 378)
[18:34:58] INFO: AI request (iteration 3, msgs=12)
[18:35:00] INFO: AI response: 8100 prompt + 73 response tokens (total: 21887 / 451)
[18:35:00] INFO: AI request (iteration 4, msgs=16)
[18:35:01] INFO: AI response: 11888 prompt + 55 response tokens (total: 33775 / 506)
[18:35:04] INFO: AI request (iteration 5, msgs=11)
[18:35:07] INFO: AI response: 846 prompt + 299 response tokens (total: 34621 / 805)
[18:35:07] INFO: AI request (iteration 6, msgs=13)
[18:35:09] INFO: AI response: 951 prompt + 185 response tokens (total: 35572 / 990)
[18:35:09] INFO: AI request (iteration 7, msgs=15)
[18:35:11] INFO: AI response: 1075 prompt + 130 response tokens (total: 36647 / 1120)
[18:35:11] INFO: AI request (iteration 8, msgs=17)
[18:35:13] INFO: AI response: 1204 prompt + 136 response tokens (total: 37851 / 1256)
[18:35:13] INFO: AI request (iteration 9, msgs=19)
[18:35:14] INFO: AI response: 1326 prompt + 93 response tokens (total: 39177 / 1349)
[18:35:14] You: 
[18:35:21] INFO: AI request (iteration 1, msgs=21)
[18:35:22] INFO: AI response: 1337 prompt + 133 response tokens (total: 40514 / 1482)
[18:35:22] INFO: AI request (iteration 2, msgs=23)
[18:35:24] INFO: AI response: 1461 prompt + 115 response tokens (total: 41975 / 1597)
[18:35:24] INFO: AI request (iteration 3, msgs=25)
[18:35:26] INFO: AI response: 1588 prompt + 126 response tokens (total: 43563 / 1723)
[18:35:26] INFO: AI request (iteration 4, msgs=27)
[18:35:27] INFO: AI response: 1710 prompt + 126 response tokens (total: 45273 / 1849)
[18:35:27] INFO: AI request (iteration 5, msgs=29)
[18:35:29] INFO: AI response: 1842 prompt + 150 response tokens (total: 47115 / 1999)
[18:35:29] INFO: AI request (iteration 6, msgs=31)
[18:35:31] INFO: AI response: 2001 prompt + 138 response tokens (total: 49116 / 2137)
[18:35:31] INFO: AI request (iteration 7, msgs=33)
[18:35:33] INFO: AI response: 2152 prompt + 178 response tokens (total: 51268 / 2315)
[18:35:33] You: 
[18:35:38] INFO: AI request (iteration 1, msgs=35)
[18:35:41] INFO: AI response: 2163 prompt + 155 response tokens (total: 53431 / 2470)
[18:35:41] INFO: AI request (iteration 2, msgs=38)
[18:35:44] INFO: AI response: 2337 prompt + 175 response tokens (total: 55768 / 2645)
[18:35:44] INFO: AI request (iteration 3, msgs=40)
[18:35:47] INFO: AI response: 2466 prompt + 181 response tokens (total: 58234 / 2826)
[18:35:47] INFO: AI request (iteration 4, msgs=42)
[18:35:49] INFO: AI response: 2601 prompt + 136 response tokens (total: 60835 / 2962)
[18:35:49] INFO: AI request (iteration 5, msgs=44)
[18:35:50] INFO: AI response: 2725 prompt + 49 response tokens (total: 63560 / 3011)
[18:35:50] INFO: AI request (iteration 6, msgs=46)
[18:35:52] INFO: AI response: 3458 prompt + 46 response tokens (total: 67018 / 3057)
[18:35:52] INFO: AI request (iteration 7, msgs=48)
[18:35:55] INFO: AI response: 3506 prompt + 391 response tokens (total: 70524 / 3448)
[18:35:55] INFO: AI request (iteration 8, msgs=50)
[18:35:59] INFO: AI response: 3890 prompt + 175 response tokens (total: 74414 / 3623)
[18:35:59] You: 
[18:36:07] INFO: AI request (iteration 1, msgs=53)
[18:36:09] INFO: AI response: 4023 prompt + 123 response tokens (total: 78437 / 3746)
[18:36:09] INFO: AI request (iteration 2, msgs=55)
[18:36:11] INFO: AI response: 6269 prompt + 145 response tokens (total: 84706 / 3891)
[18:36:11] INFO: AI request (iteration 3, msgs=57)
[18:36:15] INFO: AI response: 6640 prompt + 151 response tokens (total: 91346 / 4042)
[18:36:15] INFO: AI request (iteration 4, msgs=61)
[18:36:59] INFO: AI response: 17380 prompt + 5943 response tokens (total: 108726 / 9985)
[18:36:59] ✓ WriteFile: Error: Missing required parameter(s): contentOfFile
Usage:
<WriteFile>
<fileName>string</fileName>
<contentOfFile>string</contentOfFile>
</WriteFile>
[18:36:59] INFO: AI request (iteration 5, msgs=63)
[18:37:55] INFO: AI response: 23255 prompt + 5831 response tokens (total: 131981 / 15816)
[18:37:55] INFO: AI request (iteration 6, msgs=65)
[18:37:57] INFO: AI response: 29085 prompt + 61 response tokens (total: 161066 / 15877)
[18:37:57] INFO: AI request (iteration 7, msgs=67)
[18:38:25] INFO: AI response: 34896 prompt + 2753 response tokens (total: 195962 / 18630)
[18:38:25] INFO: AI request (iteration 8, msgs=69)
[18:38:55] INFO: AI response: 37644 prompt + 3893 response tokens (total: 233606 / 22523)
[18:38:55] INFO: AI request (iteration 9, msgs=71)
[18:38:57] INFO: AI response: 41545 prompt + 33 response tokens (total: 275151 / 22556)
[18:38:57] ✓ ExecuteScript: Error: Missing required parameter(s): fileName
Usage:
<ExecuteScript>
<fileName>string</fileName>
<args>string</args>
</ExecuteScript>
[18:38:57] INFO: AI request (iteration 10, msgs=73)
[18:38:59] INFO: AI response: 41610 prompt + 40 response tokens (total: 316761 / 22596)
[18:38:59] ✓ Terminal: Error: Missing required parameter(s): arg1
Usage:
<Terminal>
<arg1>string</arg1>
<arg2>string</arg2>
<arg3>string</arg3>
<arg4>string</arg4>
<arg5>string</arg5>
</Terminal>
[18:38:59] Auto-continue: AI round 1/50 — task 2/13: 
[18:38:59] INFO: AI request (iteration 1, msgs=76)
[18:39:02] INFO: AI response: 41712 prompt + 87 response tokens (total: 358473 / 22683)
[18:39:02] INFO: AI request (iteration 2, msgs=78)
[18:39:04] INFO: AI response: 43950 prompt + 58 response tokens (total: 402423 / 22741)
[18:39:04] INFO: AI request (iteration 3, msgs=80)
[18:39:06] INFO: AI response: 44754 prompt + 116 response tokens (total: 447177 / 22857)
[18:39:06] INFO: AI request (iteration 4, msgs=82)
[18:40:04] INFO: AI response: 47515 prompt + 5623 response tokens (total: 494692 / 28480)
[18:40:04] INFO: AI request (iteration 5, msgs=84)
[18:40:27] INFO: AI response: 53071 prompt + 2480 response tokens (total: 547763 / 30960)
[18:40:27] INFO: AI request (iteration 6, msgs=86)
[18:40:30] INFO: AI response: 55565 prompt + 31 response tokens (total: 603328 / 30991)
[18:40:30] ✓ Terminal: Error: Missing required parameter(s): arg1
Usage:
<Terminal>
<arg1>string</arg1>
<arg2>string</arg2>
<arg3>string</arg3>
<arg4>string</arg4>
<arg5>string</arg5>
</Terminal>
[18:40:30] INFO: AI request (iteration 7, msgs=88)
[18:40:33] INFO: AI response: 55656 prompt + 40 response tokens (total: 658984 / 31031)
[18:40:33] INFO: AI request (iteration 8, msgs=92)
[18:40:35] INFO: AI response: 60491 prompt + 47 response tokens (total: 719475 / 31078)
[18:40:41] INFO: AI request (iteration 9, msgs=94)
[18:40:44] INFO: AI response: 61125 prompt + 146 response tokens (total: 780600 / 31224)
[18:40:44] INFO: AI request (iteration 10, msgs=97)
[18:40:56] INFO: AI response: 63683 prompt + 249 response tokens (total: 844283 / 31473)
[18:40:56] Auto-continue: AI round 2/50 — task 2/13: 
[18:40:56] INFO: AI request (iteration 1, msgs=100)
[18:40:59] INFO: AI response: 63875 prompt + 89 response tokens (total: 908158 / 31562)
[18:40:59] INFO: AI request (iteration 2, msgs=103)
[18:41:01] INFO: AI response: 63911 prompt + 59 response tokens (total: 972069 / 31621)
[18:41:01] INFO: AI request (iteration 3, msgs=105)
[18:41:47] INFO: AI response: 64800 prompt + 5643 response tokens (total: 1036869 / 37264)
[18:41:47] INFO: AI request (iteration 4, msgs=107)
[18:42:07] INFO: AI response: 70413 prompt + 2797 response tokens (total: 1107282 / 40061)
[18:42:07] INFO: AI request (iteration 5, msgs=109)
[18:42:10] INFO: AI response: 73147 prompt + 53 response tokens (total: 1180429 / 40114)
[18:42:10] INFO: AI request (iteration 6, msgs=111)
[18:42:12] INFO: AI response: 73235 prompt + 34 response tokens (total: 1253664 / 40148)
[18:42:12] INFO: AI request (iteration 7, msgs=113)
[18:42:30] INFO: AI response: 75948 prompt + 2310 response tokens (total: 1329612 / 42458)
[18:42:30] INFO: AI request (iteration 8, msgs=115)
[18:42:36] INFO: AI response: 78256 prompt + 332 response tokens (total: 1407868 / 42790)
[18:42:36] INFO: AI request (iteration 9, msgs=117)
[18:42:39] INFO: AI response: 78621 prompt + 54 response tokens (total: 1486489 / 42844)
[18:42:39] INFO: AI request (iteration 10, msgs=119)
[18:43:17] INFO: AI response: 84190 prompt + 4904 response tokens (total: 1570679 / 47748)
[18:43:17] Auto-continue: AI round 3/50 — task 3/13: 
[18:43:17] INFO: AI request (iteration 1, msgs=122)
[18:43:22] INFO: AI response: 89098 prompt + 96 response tokens (total: 1659777 / 47844)
[18:43:22] INFO: AI request (iteration 2, msgs=124)
[18:43:29] INFO: AI response: 89987 prompt + 622 response tokens (total: 1749764 / 48466)
[18:43:32] INFO: AI request (iteration 3, msgs=31)
[18:43:35] INFO: AI response: 24495 prompt + 60 response tokens (total: 1774259 / 48526)
[18:43:35] INFO: AI request (iteration 4, msgs=33)
[18:43:37] INFO: AI response: 30306 prompt + 105 response tokens (total: 1804565 / 48631)
[18:43:37] INFO: AI request (iteration 5, msgs=35)
[18:43:39] INFO: AI response: 30479 prompt + 104 response tokens (total: 1835044 / 48735)
[18:43:39] INFO: AI request (iteration 6, msgs=37)
[18:43:41] INFO: AI response: 30580 prompt + 33 response tokens (total: 1865624 / 48768)
[18:43:41] INFO: AI request (iteration 7, msgs=40)
[18:43:42] INFO: AI response: 30616 prompt + 57 response tokens (total: 1896240 / 48825)
[18:43:42] INFO: AI request (iteration 8, msgs=42)
[18:44:28] INFO: AI response: 31652 prompt + 6690 response tokens (total: 1927892 / 55515)
[18:44:28] INFO: AI request (iteration 9, msgs=44)
[18:44:43] INFO: AI response: 38323 prompt + 2259 response tokens (total: 1966215 / 57774)
[18:44:43] INFO: AI request (iteration 10, msgs=46)
[18:44:45] INFO: AI response: 40577 prompt + 45 response tokens (total: 2006792 / 57819)
[18:44:45] Auto-continue: AI round 4/50 — task 4/13: 
[18:44:45] INFO: AI request (iteration 1, msgs=49)
[18:44:47] INFO: AI response: 41183 prompt + 60 response tokens (total: 2047975 / 57879)
[18:44:47] INFO: AI request (iteration 2, msgs=51)
[18:44:51] INFO: AI response: 42219 prompt + 225 response tokens (total: 2090194 / 58104)
[18:44:51] INFO: AI request (iteration 3, msgs=53)
[18:44:53] INFO: AI response: 42401 prompt + 108 response tokens (total: 2132595 / 58212)
[18:44:53] INFO: AI request (iteration 4, msgs=56)
[18:44:55] INFO: AI response: 42437 prompt + 59 response tokens (total: 2175032 / 58271)
[18:44:55] INFO: AI request (iteration 5, msgs=58)
[18:44:57] INFO: AI response: 43561 prompt + 169 response tokens (total: 2218593 / 58440)
[18:44:57] INFO: AI request (iteration 6, msgs=60)
[18:45:00] INFO: AI response: 43810 prompt + 22 response tokens (total: 2262403 / 58462)
[18:45:00] INFO: AI request (iteration 7, msgs=63)
[18:45:03] INFO: AI response: 43847 prompt + 289 response tokens (total: 2306250 / 58751)
[18:45:03] INFO: AI request (iteration 8, msgs=65)
[18:45:42] INFO: AI response: 45078 prompt + 5020 response tokens (total: 2351328 / 63771)
[18:45:42] INFO: AI request (iteration 9, msgs=67)
[18:46:38] INFO: AI response: 50017 prompt + 4152 response tokens (total: 2401345 / 67923)
[18:46:38] INFO: AI request (iteration 10, msgs=69)
[18:47:01] INFO: AI response: 54168 prompt + 2567 response tokens (total: 2455513 / 70490)
[18:47:01] Auto-continue: AI round 5/50 — task 6/13: 
[18:47:01] INFO: AI request (iteration 1, msgs=72)
[18:47:04] INFO: AI response: 56755 prompt + 59 response tokens (total: 2512268 / 70549)
[18:47:04] INFO: AI request (iteration 2, msgs=74)
[18:47:06] INFO: AI response: 57986 prompt + 75 response tokens (total: 2570254 / 70624)
[18:47:06] INFO: AI request (iteration 3, msgs=76)
[18:47:09] INFO: AI response: 58077 prompt + 48 response tokens (total: 2628331 / 70672)
[18:47:09] INFO: AI request (iteration 4, msgs=78)
[18:47:23] INFO: AI response: 60630 prompt + 2102 response tokens (total: 2688961 / 72774)
[18:47:23] INFO: AI request (iteration 5, msgs=80)
[18:47:26] INFO: AI response: 62739 prompt + 56 response tokens (total: 2751700 / 72830)
[18:47:39] INFO: AI request (iteration 6, msgs=82)
[18:47:41] INFO: AI response: 63327 prompt + 73 response tokens (total: 2815027 / 72903)
[18:47:41] INFO: AI request (iteration 7, msgs=84)
[18:48:00] INFO: AI response: 63414 prompt + 2144 response tokens (total: 2878441 / 75047)
[18:48:00] INFO: AI request (iteration 8, msgs=86)
[18:48:02] INFO: AI response: 65554 prompt + 39 response tokens (total: 2943995 / 75086)
[18:48:16] INFO: AI request (iteration 9, msgs=88)
[18:48:21] INFO: AI response: 65997 prompt + 136 response tokens (total: 3009992 / 75222)
[18:48:21] INFO: AI request (iteration 10, msgs=90)
[18:48:23] INFO: AI response: 66229 prompt + 57 response tokens (total: 3076221 / 75279)
[18:48:23] Auto-continue: AI round 6/50 — task 7/13: 
[18:48:23] INFO: AI request (iteration 1, msgs=94)
[18:48:26] INFO: AI response: 66277 prompt + 58 response tokens (total: 3142498 / 75337)
[18:48:26] INFO: AI request (iteration 2, msgs=96)
[18:48:30] INFO: AI response: 67620 prompt + 157 response tokens (total: 3210118 / 75494)
[18:48:30] INFO: AI request (iteration 3, msgs=98)
[18:48:32] INFO: AI response: 67818 prompt + 38 response tokens (total: 3277936 / 75532)
[18:48:32] INFO: AI request (iteration 4, msgs=101)
[18:48:56] INFO: AI response: 67854 prompt + 3679 response tokens (total: 3345790 / 79211)
[18:48:56] INFO: AI request (iteration 5, msgs=103)
[18:49:11] INFO: AI response: 71508 prompt + 2415 response tokens (total: 3417298 / 81626)
[18:49:11] INFO: AI request (iteration 6, msgs=105)
[18:49:24] INFO: AI response: 73768 prompt + 1990 response tokens (total: 3491066 / 83616)
[18:49:24] INFO: AI request (iteration 7, msgs=107)
[18:49:26] INFO: AI response: 75767 prompt + 41 response tokens (total: 3566833 / 83657)
[18:49:26] INFO: AI request (iteration 8, msgs=109)
[18:49:28] INFO: AI response: 75931 prompt + 34 response tokens (total: 3642764 / 83691)
[18:49:28] INFO: AI request (iteration 9, msgs=111)
[18:49:53] INFO: AI response: 79541 prompt + 3628 response tokens (total: 3722305 / 87319)
[18:49:53] INFO: AI request (iteration 10, msgs=113)
[18:49:56] INFO: AI response: 83171 prompt + 40 response tokens (total: 3805476 / 87359)
[18:49:56] Auto-continue: AI round 7/50 — task 8/13: 
[18:49:56] INFO: AI request (iteration 1, msgs=116)
[18:50:14] INFO: AI response: 84140 prompt + 2048 response tokens (total: 3889616 / 89407)
[18:50:14] INFO: AI request (iteration 2, msgs=118)
[18:50:19] INFO: AI response: 86134 prompt + 185 response tokens (total: 3975750 / 89592)
[18:50:19] INFO: AI request (iteration 3, msgs=120)
[18:50:22] INFO: AI response: 86639 prompt + 136 response tokens (total: 4062389 / 89728)
[18:50:22] INFO: AI request (iteration 4, msgs=122)
[18:50:24] INFO: AI response: 86879 prompt + 48 response tokens (total: 4149268 / 89776)
[18:50:24] INFO: AI request (iteration 5, msgs=125)
[18:50:27] INFO: AI response: 86915 prompt + 54 response tokens (total: 4236183 / 89830)
[18:50:27] INFO: AI request (iteration 6, msgs=127)
[18:51:10] INFO: AI response: 88472 prompt + 4116 response tokens (total: 4324655 / 93946)
[18:51:14] INFO: AI request (iteration 7, msgs=26)
[18:51:40] INFO: AI response: 18170 prompt + 3160 response tokens (total: 4342825 / 97106)
[18:51:40] INFO: AI request (iteration 8, msgs=28)
[18:52:06] INFO: AI response: 21338 prompt + 2808 response tokens (total: 4364163 / 99914)
[18:52:06] INFO: AI request (iteration 9, msgs=30)
[18:52:08] INFO: AI response: 24153 prompt + 42 response tokens (total: 4388316 / 99956)
[18:52:08] INFO: AI request (iteration 10, msgs=32)
[18:52:10] INFO: AI response: 24294 prompt + 39 response tokens (total: 4412610 / 99995)
[18:52:10] Auto-continue: AI round 8/50 — task 9/13: 
[18:52:10] INFO: AI request (iteration 1, msgs=35)
[18:52:13] INFO: AI response: 28282 prompt + 61 response tokens (total: 4440892 / 100056)
[18:52:13] INFO: AI request (iteration 2, msgs=37)
[18:52:42] INFO: AI response: 29839 prompt + 4851 response tokens (total: 4470731 / 104907)
[18:52:42] INFO: AI request (iteration 3, msgs=39)
[18:52:55] INFO: AI response: 34562 prompt + 2814 response tokens (total: 4505293 / 107721)
[18:52:55] INFO: AI request (iteration 4, msgs=41)
[18:53:10] INFO: AI response: 37381 prompt + 2627 response tokens (total: 4542674 / 110348)
[18:53:10] INFO: AI request (iteration 5, msgs=43)
[18:53:15] INFO: AI response: 40020 prompt + 63 response tokens (total: 4582694 / 110411)
[18:53:15] INFO: AI request (iteration 6, msgs=45)
[18:53:37] INFO: AI response: 40286 prompt + 4024 response tokens (total: 4622980 / 114435)
[18:53:37] INFO: AI request (iteration 7, msgs=47)
[18:53:39] INFO: AI response: 44318 prompt + 38 response tokens (total: 4667298 / 114473)
[18:53:39] INFO: AI request (iteration 8, msgs=49)
[18:54:10] INFO: AI response: 47543 prompt + 4033 response tokens (total: 4714841 / 118506)
[18:54:10] INFO: AI request (iteration 9, msgs=51)
[18:54:13] INFO: AI response: 51583 prompt + 48 response tokens (total: 4766424 / 118554)
[18:54:13] INFO: AI request (iteration 10, msgs=53)
[18:54:42] INFO: AI response: 52102 prompt + 4239 response tokens (total: 4818526 / 122793)
[18:54:42] Auto-continue: AI round 9/50 — task 9/13: 
[18:54:42] INFO: AI request (iteration 1, msgs=56)
[18:54:45] INFO: AI response: 56235 prompt + 59 response tokens (total: 4874761 / 122852)
[18:54:45] INFO: AI request (iteration 2, msgs=58)
[18:54:48] INFO: AI response: 56654 prompt + 142 response tokens (total: 4931415 / 122994)
[18:54:48] INFO: AI request (iteration 3, msgs=60)
[18:54:50] INFO: AI response: 56902 prompt + 28 response tokens (total: 4988317 / 123022)
[18:54:50] INFO: AI request (iteration 4, msgs=63)
[18:54:52] INFO: AI response: 56938 prompt + 46 response tokens (total: 5045255 / 123068)
[18:54:52] INFO: AI request (iteration 5, msgs=65)
[18:55:21] INFO: AI response: 58617 prompt + 4670 response tokens (total: 5103872 / 127738)
[18:55:21] INFO: AI request (iteration 6, msgs=67)
[18:55:42] INFO: AI response: 63289 prompt + 2381 response tokens (total: 5167161 / 130119)
[18:55:42] INFO: AI request (iteration 7, msgs=69)
[18:55:58] INFO: AI response: 65679 prompt + 2113 response tokens (total: 5232840 / 132232)
[18:55:58] INFO: AI request (iteration 8, msgs=71)
[18:56:12] INFO: AI response: 67781 prompt + 2105 response tokens (total: 5300621 / 134337)
[18:56:12] INFO: AI request (iteration 9, msgs=73)
[18:56:15] INFO: AI response: 69896 prompt + 51 response tokens (total: 5370517 / 134388)
[18:56:15] INFO: AI request (iteration 10, msgs=75)
[18:56:42] INFO: AI response: 70145 prompt + 4263 response tokens (total: 5440662 / 138651)
[18:56:42] Auto-continue: AI round 10/50 — task 10/13: 
[18:56:42] INFO: AI request (iteration 1, msgs=78)
[18:56:44] INFO: AI response: 74423 prompt + 49 response tokens (total: 5515085 / 138700)
[18:57:14] ✓ ExecuteScript: Error: Script execution timed out (30s limit)
[18:57:14] INFO: AI request (iteration 2, msgs=80)
[18:57:29] INFO: AI response: 74473 prompt + 2096 response tokens (total: 5589558 / 140796)
[18:57:29] INFO: AI request (iteration 3, msgs=82)
[18:57:32] INFO: AI response: 76558 prompt + 56 response tokens (total: 5666116 / 140852)
[18:58:02] ✓ ExecuteScript: Error: Script execution timed out (30s limit)
[18:58:02] INFO: AI request (iteration 4, msgs=84)
[18:58:30] INFO: AI response: 76608 prompt + 3910 response tokens (total: 5742724 / 144762)
[18:58:30] INFO: AI request (iteration 5, msgs=86)
[18:58:45] INFO: AI response: 80352 prompt + 1815 response tokens (total: 5823076 / 146577)
[18:58:45] INFO: AI request (iteration 6, msgs=88)
[18:59:04] INFO: AI response: 82154 prompt + 2214 response tokens (total: 5905230 / 148791)
[18:59:04] INFO: AI request (iteration 7, msgs=90)
[18:59:07] INFO: AI response: 84350 prompt + 143 response tokens (total: 5989580 / 148934)
[18:59:07] INFO: AI request (iteration 8, msgs=92)
[18:59:09] INFO: AI response: 84606 prompt + 36 response tokens (total: 6074186 / 148970)
[18:59:09] INFO: AI request (iteration 9, msgs=95)
[18:59:11] INFO: AI response: 84642 prompt + 57 response tokens (total: 6158828 / 149027)
[18:59:11] INFO: AI request (iteration 10, msgs=97)
[18:59:38] INFO: AI response: 86446 prompt + 3523 response tokens (total: 6245274 / 152550)
[18:59:38] Auto-continue: AI round 11/50 — task 11/13: 
[18:59:38] INFO: AI request (iteration 1, msgs=99)
[19:00:11] INFO: AI response: 86464 prompt + 3755 response tokens (total: 6331738 / 156305)
[19:00:11] Auto-continue: AI round 12/50 — task 11/13: 
[19:00:18] INFO: AI request (iteration 1, msgs=29)
[19:00:22] INFO: AI response: 25808 prompt + 60 response tokens (total: 6357546 / 156365)
[19:00:22] INFO: AI request (iteration 2, msgs=31)
[19:00:26] INFO: AI response: 27612 prompt + 66 response tokens (total: 6385158 / 156431)
[19:00:26] INFO: AI request (iteration 3, msgs=33)
[19:01:24] INFO: AI response: 29422 prompt + 4020 response tokens (total: 6414580 / 160451)
[19:01:24] INFO: AI request (iteration 4, msgs=35)
[19:01:55] INFO: AI response: 33300 prompt + 3105 response tokens (total: 6447880 / 163556)
[19:01:55] INFO: AI request (iteration 5, msgs=37)
[19:01:57] INFO: AI response: 36417 prompt + 35 response tokens (total: 6484297 / 163591)
[19:01:57] INFO: AI request (iteration 6, msgs=39)
[19:02:31] INFO: AI response: 36996 prompt + 4038 response tokens (total: 6521293 / 167629)
[19:02:31] INFO: AI request (iteration 7, msgs=41)
[19:02:33] INFO: AI response: 40929 prompt + 86 response tokens (total: 6562222 / 167715)
[19:02:33] INFO: AI request (iteration 8, msgs=43)
[19:02:37] INFO: AI response: 41409 prompt + 156 response tokens (total: 6603631 / 167871)
[19:02:37] INFO: AI request (iteration 9, msgs=45)
[19:02:40] INFO: AI response: 41691 prompt + 24 response tokens (total: 6645322 / 167895)
[19:02:40] INFO: AI request (iteration 10, msgs=48)
[19:02:42] INFO: AI response: 41727 prompt + 61 response tokens (total: 6687049 / 167956)
[19:02:42] Auto-continue: AI round 13/50 — task 12/13: 
[19:02:42] INFO: AI request (iteration 1, msgs=51)
[19:02:44] INFO: AI response: 43682 prompt + 65 response tokens (total: 6730731 / 168021)
[19:02:44] INFO: AI request (iteration 2, msgs=53)
[19:03:16] INFO: AI response: 45632 prompt + 3881 response tokens (total: 6776363 / 171902)
[19:03:16] Auto-continue: AI round 14/50 — task 12/13: 
[19:03:16] INFO: AI request (iteration 1, msgs=55)
[19:04:14] INFO: AI response: 45649 prompt + 3872 response tokens (total: 6822012 / 175774)
[19:04:14] INFO: AI request (iteration 2, msgs=57)
[19:04:45] INFO: AI response: 49470 prompt + 3169 response tokens (total: 6871482 / 178943)
[19:04:45] INFO: AI request (iteration 3, msgs=59)
[19:05:11] INFO: AI response: 52652 prompt + 3193 response tokens (total: 6924134 / 182136)
[19:05:11] INFO: AI request (iteration 4, msgs=61)
[19:05:14] INFO: AI response: 55843 prompt + 83 response tokens (total: 6979977 / 182219)
[19:05:14] INFO: AI request (iteration 5, msgs=63)
[19:05:50] INFO: AI response: 57089 prompt + 3909 response tokens (total: 7037066 / 186128)
[19:05:50] INFO: AI request (iteration 6, msgs=65)
[19:06:20] INFO: AI response: 60972 prompt + 3232 response tokens (total: 7098038 / 189360)
[19:06:20] INFO: AI request (iteration 7, msgs=67)
[19:06:22] INFO: AI response: 64188 prompt + 49 response tokens (total: 7162226 / 189409)
[19:06:22] INFO: AI request (iteration 8, msgs=69)
[19:06:26] INFO: AI response: 64838 prompt + 165 response tokens (total: 7227064 / 189574)
[19:06:26] INFO: AI request (iteration 9, msgs=71)
[19:06:29] INFO: AI response: 65140 prompt + 29 response tokens (total: 7292204 / 189603)
[19:06:29] INFO: AI request (iteration 10, msgs=73)
[19:06:35] INFO: AI response: 65169 prompt + 463 response tokens (total: 7357373 / 190066)
[19:06:35] You: 
[19:07:41] INFO: AI request (iteration 1, msgs=75)
[19:07:43] INFO: AI response: 65635 prompt + 61 response tokens (total: 7423008 / 190127)
[19:07:43] INFO: AI request (iteration 2, msgs=77)
[19:07:47] INFO: AI response: 68016 prompt + 105 response tokens (total: 7491024 / 190232)
[19:07:47] INFO: AI request (iteration 3, msgs=79)
[19:08:16] INFO: AI response: 69312 prompt + 3501 response tokens (total: 7560336 / 193733)
[19:08:16] INFO: AI request (iteration 4, msgs=81)
[19:08:49] INFO: AI response: 72598 prompt + 2648 response tokens (total: 7632934 / 196381)
[19:08:49] INFO: AI request (iteration 5, msgs=83)
[19:08:56] INFO: AI response: 75249 prompt + 500 response tokens (total: 7708183 / 196881)
[19:08:56] You: 
[19:09:07] INFO: AI request (iteration 1, msgs=85)
[19:09:38] INFO: AI response: 75472 prompt + 2679 response tokens (total: 7783655 / 199560)
[19:09:38] INFO: AI request (iteration 2, msgs=87)
[19:09:41] INFO: AI response: 78123 prompt + 81 response tokens (total: 7861778 / 199641)
[19:09:41] You: 
[13:30:26] INFO: Session started, sess_id=319, mode=build, model=kimi-k2.5:cloud
[13:30:26] You: 
[13:30:29] You: 
[13:30:35] You: 
[13:30:56] INFO: AI request (iteration 1, msgs=89)
[13:31:03] INFO: AI response: 78202 prompt + 232 response tokens (total: 2951663 / 76851)
[13:31:03] INFO: AI request (iteration 2, msgs=91)
[13:31:08] INFO: AI response: 78254 prompt + 251 response tokens (total: 3029917 / 77102)
[13:31:08] ✓ ReadFile: Error: File `__init__.py` not found (checked workin/ and CWD)
[13:31:08] INFO: AI request (iteration 3, msgs=93)
[13:31:12] INFO: AI response: 78327 prompt + 42 response tokens (total: 3108244 / 77144)
[13:31:12] INFO: AI request (iteration 4, msgs=95)
[13:31:24] INFO: AI response: 78705 prompt + 517 response tokens (total: 3186949 / 77661)
[13:31:24] INFO: AI request (iteration 5, msgs=97)
[13:32:09] INFO: AI response: 79159 prompt + 3606 response tokens (total: 3266108 / 81267)
[13:32:09] INFO: AI request (iteration 6, msgs=99)
[13:32:40] INFO: AI response: 82771 prompt + 3249 response tokens (total: 3348879 / 84516)
[13:32:40] INFO: AI request (iteration 7, msgs=101)
[13:32:46] INFO: AI response: 86029 prompt + 355 response tokens (total: 3434908 / 84871)
[13:32:46] You: 
[13:40:21] You: 
[13:40:31] INFO: AI request (iteration 1, msgs=104)
[13:40:41] INFO: AI response: 86252 prompt + 1217 response tokens (total: 3521160 / 86088)
[13:40:41] ✓ GetTip: Error: Missing required parameter(s): title
Usage:
<GetTip>
<title>string</title>
</GetTip>
[13:40:41] Tool `GetTip` failed 2 times with missing parameter(s): title. Correct format:

Usage:
<GetTip>
<title>string</title>
</GetTip>
[13:40:41] ✓ GetTip: Error: Missing required parameter(s): title
Usage:
<GetTip>
<title>string</title>
</GetTip>
[13:40:41] Tool `GetTip` failed 3 times with missing parameter(s): title. Correct format:

Usage:
<GetTip>
<title>string</title>
</GetTip>
[13:40:41] ✓ GetTip: Error: Missing required parameter(s): title
Usage:
<GetTip>
<title>string</title>
</GetTip>
[13:40:41] ✓ GetTip: Error: Missing required parameter(s): title
Usage:
<GetTip>
<title>string</title>
</GetTip>
[13:40:41] ✓ ReinsertTip: Error: Missing required parameter(s): title
Usage:
<ReinsertTip>
<title>string</title>
</ReinsertTip>
[13:40:41] INFO: AI request (iteration 2, msgs=118)
[13:40:47] INFO: AI response: 87479 prompt + 649 response tokens (total: 3608639 / 86737)
[13:40:47] INFO: AI request (iteration 3, msgs=127)
[13:40:56] INFO: AI response: 95143 prompt + 1086 response tokens (total: 3703782 / 87823)
[13:40:56] Auto-continue: AI round 1/50 — continuing plan creation
[13:40:56] INFO: AI request (iteration 1, msgs=129)
[13:41:01] INFO: AI response: 95158 prompt + 362 response tokens (total: 3798940 / 88185)
[13:41:01] INFO: AI request (iteration 2, msgs=131)
[13:41:05] INFO: AI response: 95268 prompt + 76 response tokens (total: 3894208 / 88261)
[13:41:05] INFO: AI request (iteration 3, msgs=133)
[13:41:09] INFO: AI response: 95366 prompt + 93 response tokens (total: 3989574 / 88354)
[13:41:09] INFO: AI request (iteration 4, msgs=135)
[13:41:13] INFO: AI response: 95468 prompt + 87 response tokens (total: 4085042 / 88441)
[13:41:13] INFO: AI request (iteration 5, msgs=137)
[13:41:17] INFO: AI response: 95571 prompt + 91 response tokens (total: 4180613 / 88532)
[13:41:17] INFO: AI request (iteration 6, msgs=139)
[13:41:20] INFO: AI response: 95679 prompt + 91 response tokens (total: 4276292 / 88623)
[13:41:20] INFO: AI request (iteration 7, msgs=141)
[13:41:25] INFO: AI response: 95790 prompt + 284 response tokens (total: 4372082 / 88907)
[13:41:25] You: 
[13:41:49] INFO: AI request (iteration 1, msgs=144)
[13:41:52] INFO: AI response: 96066 prompt + 79 response tokens (total: 4468148 / 88986)
[13:41:52] INFO: AI request (iteration 2, msgs=146)
[13:42:10] INFO: AI response: 98809 prompt + 1572 response tokens (total: 4566957 / 90558)
[13:42:10] INFO: AI request (iteration 3, msgs=148)
[13:42:16] INFO: AI response: 100371 prompt + 193 response tokens (total: 4667328 / 90751)
[13:42:16] INFO: AI request (iteration 4, msgs=151)
[13:42:20] INFO: AI response: 100664 prompt + 357 response tokens (total: 4767992 / 91108)
[13:42:20] INFO: AI request (iteration 5, msgs=153)
[13:42:25] INFO: AI response: 101047 prompt + 329 response tokens (total: 4869039 / 91437)
[13:42:25] INFO: AI request (iteration 6, msgs=155)
[13:42:30] INFO: AI response: 101411 prompt + 310 response tokens (total: 4970450 / 91747)
[13:42:30] INFO: AI request (iteration 7, msgs=157)
[13:42:34] INFO: AI response: 101761 prompt + 184 response tokens (total: 5072211 / 91931)
[13:42:34] INFO: AI request (iteration 8, msgs=159)
[13:42:40] INFO: AI response: 101996 prompt + 472 response tokens (total: 5174207 / 92403)
[13:42:40] INFO: AI request (iteration 9, msgs=161)
[13:42:45] INFO: AI response: 102518 prompt + 394 response tokens (total: 5276725 / 92797)
[13:42:45] INFO: AI request (iteration 10, msgs=163)
[13:42:50] INFO: AI response: 102953 prompt + 321 response tokens (total: 5379678 / 93118)
[13:42:50] Auto-continue: AI round 1/50 — task 1/5: Add TLS/SSL encryption support to the socket server for secu...
[13:42:50] INFO: AI request (iteration 1, msgs=166)
[13:43:05] INFO: AI response: 103369 prompt + 1509 response tokens (total: 5483047 / 94627)
[13:43:05] INFO: AI request (iteration 2, msgs=168)
[13:43:09] INFO: AI response: 104869 prompt + 38 response tokens (total: 5587916 / 94665)
[13:43:10] INFO: AI request (iteration 3, msgs=170)
[13:43:16] INFO: AI response: 105528 prompt + 418 response tokens (total: 5693444 / 95083)
[13:43:16] INFO: AI request (iteration 4, msgs=172)
[13:43:19] INFO: AI response: 105977 prompt + 37 response tokens (total: 5799421 / 95120)
[13:43:19] INFO: AI request (iteration 5, msgs=174)
[13:43:23] INFO: AI response: 106123 prompt + 242 response tokens (total: 5905544 / 95362)
[13:43:23] INFO: AI request (iteration 6, msgs=176)
[13:43:26] INFO: AI response: 106421 prompt + 40 response tokens (total: 6011965 / 95402)
[13:43:27] INFO: AI request (iteration 7, msgs=178)
[13:43:32] INFO: AI response: 106924 prompt + 241 response tokens (total: 6118889 / 95643)
[13:43:32] INFO: AI request (iteration 8, msgs=180)
[13:43:35] INFO: AI response: 107180 prompt + 45 response tokens (total: 6226069 / 95688)
[13:43:35] INFO: AI request (iteration 9, msgs=182)
[13:43:48] INFO: AI response: 108830 prompt + 1495 response tokens (total: 6334899 / 97183)
[13:43:48] INFO: AI request (iteration 10, msgs=184)
[13:43:51] INFO: AI response: 110334 prompt + 39 response tokens (total: 6445233 / 97222)
[13:43:52] Auto-continue: AI round 2/50 — task 1/5: Add TLS/SSL encryption support to the socket server for secu...
[13:43:52] INFO: AI request (iteration 1, msgs=187)
[13:43:55] INFO: AI response: 110917 prompt + 59 response tokens (total: 6556150 / 97281)
[13:43:55] INFO: AI request (iteration 2, msgs=189)
[13:43:59] INFO: AI response: 111053 prompt + 220 response tokens (total: 6667203 / 97501)
[13:43:59] INFO: AI request (iteration 3, msgs=191)
[13:44:02] INFO: AI response: 111405 prompt + 29 response tokens (total: 6778608 / 97530)
[13:44:02] INFO: AI request (iteration 4, msgs=194)
[13:44:20] INFO: AI response: 111528 prompt + 2164 response tokens (total: 6890136 / 99694)
[13:44:20] INFO: AI request (iteration 5, msgs=196)
[13:44:38] INFO: AI response: 113689 prompt + 1810 response tokens (total: 7003825 / 101504)
[13:44:38] INFO: AI request (iteration 6, msgs=198)
[13:44:42] INFO: AI response: 115513 prompt + 130 response tokens (total: 7119338 / 101634)
[13:44:42] INFO: AI request (iteration 7, msgs=200)
[13:44:46] INFO: AI response: 115679 prompt + 51 response tokens (total: 7235017 / 101685)
[13:44:46] INFO: AI request (iteration 8, msgs=202)
[13:44:51] INFO: AI response: 116499 prompt + 221 response tokens (total: 7351516 / 101906)
[13:44:51] INFO: AI request (iteration 9, msgs=204)
[13:44:56] INFO: AI response: 116692 prompt + 438 response tokens (total: 7468208 / 102344)
[13:44:56] INFO: AI request (iteration 10, msgs=206)
[13:45:01] INFO: AI response: 116974 prompt + 167 response tokens (total: 7585182 / 102511)
[13:45:01] Auto-continue: AI round 3/50 — task 2/5: Create a query result caching layer to improve performance f...
[13:45:01] INFO: AI request (iteration 1, msgs=209)
[13:45:05] INFO: AI response: 117236 prompt + 214 response tokens (total: 7702418 / 102725)
[13:45:05] INFO: AI request (iteration 2, msgs=211)
[13:45:08] INFO: AI response: 117461 prompt + 183 response tokens (total: 7819879 / 102908)
[13:45:08] INFO: AI request (iteration 3, msgs=213)
[13:45:12] INFO: AI response: 117691 prompt + 37 response tokens (total: 7937570 / 102945)
[13:45:12] INFO: AI request (iteration 4, msgs=215)
[13:45:15] INFO: AI response: 117792 prompt + 126 response tokens (total: 8055362 / 103071)
[13:45:15] INFO: AI request (iteration 5, msgs=217)
[13:45:28] INFO: AI response: 117978 prompt + 1783 response tokens (total: 8173340 / 104854)
[13:45:28] INFO: AI request (iteration 6, msgs=219)
[13:45:31] INFO: AI response: 119772 prompt + 24 response tokens (total: 8293112 / 104878)
[13:45:31] Auto-continue: AI round 4/50 — task 2/5: Create a query result caching layer to improve performance f...
[13:45:31] INFO: AI request (iteration 1, msgs=221)
[13:45:35] INFO: AI response: 119832 prompt + 105 response tokens (total: 8412944 / 104983)
[13:45:35] INFO: AI request (iteration 2, msgs=223)
[13:45:38] INFO: AI response: 119979 prompt + 38 response tokens (total: 8532923 / 105021)
[13:45:38] INFO: AI request (iteration 3, msgs=225)
[13:46:00] INFO: AI response: 122187 prompt + 2170 response tokens (total: 8655110 / 107191)
[13:46:00] INFO: AI request (iteration 4, msgs=227)
[13:46:03] INFO: AI response: 124363 prompt + 33 response tokens (total: 8779473 / 107224)
[13:46:04] INFO: AI request (iteration 5, msgs=229)
[13:46:09] INFO: AI response: 124803 prompt + 191 response tokens (total: 8904276 / 107415)
[13:46:09] INFO: AI request (iteration 6, msgs=231)
[13:46:13] INFO: AI response: 125148 prompt + 75 response tokens (total: 9029424 / 107490)
[13:46:13] INFO: AI request (iteration 7, msgs=233)
[13:46:18] INFO: AI response: 128312 prompt + 226 response tokens (total: 9157736 / 107716)
[13:46:18] INFO: AI request (iteration 8, msgs=236)
[13:46:24] INFO: AI response: 128647 prompt + 213 response tokens (total: 9286383 / 107929)
[13:46:24] INFO: AI request (iteration 9, msgs=238)
[13:46:28] INFO: AI response: 128877 prompt + 155 response tokens (total: 9415260 / 108084)
[13:46:28] INFO: AI request (iteration 10, msgs=240)
[13:46:35] INFO: AI response: 129074 prompt + 431 response tokens (total: 9544334 / 108515)
[13:46:35] Auto-continue: AI round 5/50 — task 2/5: Create a query result caching layer to improve performance f...
[13:46:35] INFO: AI request (iteration 1, msgs=243)
[13:46:39] INFO: AI response: 129606 prompt + 132 response tokens (total: 9673940 / 108647)
[13:46:39] INFO: AI request (iteration 2, msgs=245)
[13:46:43] INFO: AI response: 129836 prompt + 29 response tokens (total: 9803776 / 108676)
[13:46:43] INFO: AI request (iteration 3, msgs=248)
[13:47:10] INFO: AI response: 129954 prompt + 3314 response tokens (total: 9933730 / 111990)
[13:47:10] INFO: AI request (iteration 4, msgs=250)
[13:47:30] INFO: AI response: 133193 prompt + 1671 response tokens (total: 10066923 / 113661)
[13:47:30] INFO: AI request (iteration 5, msgs=252)
[13:47:34] INFO: AI response: 134877 prompt + 38 response tokens (total: 10201800 / 113699)
[13:47:34] INFO: AI request (iteration 6, msgs=254)
[13:47:40] INFO: AI response: 135564 prompt + 214 response tokens (total: 10337364 / 113913)
[13:47:40] INFO: AI request (iteration 7, msgs=256)
[13:47:44] INFO: AI response: 135819 prompt + 148 response tokens (total: 10473183 / 114061)
[13:47:44] INFO: AI request (iteration 8, msgs=258)
[13:47:50] INFO: AI response: 136418 prompt + 144 response tokens (total: 10609601 / 114205)
[13:47:50] INFO: AI request (iteration 9, msgs=260)
[13:47:56] INFO: AI response: 136577 prompt + 164 response tokens (total: 10746178 / 114369)
[13:47:56] INFO: AI request (iteration 10, msgs=262)
[13:48:01] INFO: AI response: 137080 prompt + 221 response tokens (total: 10883258 / 114590)
[13:48:01] Auto-continue: AI round 6/50 — task 3/5: Add GPU acceleration support for vector similarity search us...
[13:48:01] INFO: AI request (iteration 1, msgs=265)
[13:48:09] INFO: AI response: 137399 prompt + 293 response tokens (total: 11020657 / 114883)
[13:48:09] INFO: AI request (iteration 2, msgs=267)
[13:48:19] INFO: AI response: 137745 prompt + 574 response tokens (total: 11158402 / 115457)
[13:48:19] INFO: AI request (iteration 3, msgs=269)
[13:48:26] INFO: AI response: 138360 prompt + 461 response tokens (total: 11296762 / 115918)
[13:48:26] INFO: AI request (iteration 4, msgs=271)
[13:48:33] INFO: AI response: 138866 prompt + 379 response tokens (total: 11435628 / 116297)
[13:48:33] INFO: AI request (iteration 5, msgs=273)
[13:48:38] INFO: AI response: 139303 prompt + 188 response tokens (total: 11574931 / 116485)
[13:48:38] INFO: AI request (iteration 6, msgs=275)
[13:48:43] INFO: AI response: 139535 prompt + 215 response tokens (total: 11714466 / 116700)
[13:48:43] INFO: AI request (iteration 7, msgs=277)
[13:48:47] INFO: AI response: 139949 prompt + 29 response tokens (total: 11854415 / 116729)
[13:48:47] INFO: AI request (iteration 8, msgs=280)
[13:49:23] INFO: AI response: 140079 prompt + 5069 response tokens (total: 11994494 / 121798)
[13:49:23] INFO: AI request (iteration 9, msgs=282)
[13:49:39] INFO: AI response: 145137 prompt + 2164 response tokens (total: 12139631 / 123962)
[13:49:39] INFO: AI request (iteration 10, msgs=284)
[13:49:55] INFO: AI response: 147304 prompt + 2137 response tokens (total: 12286935 / 126099)
[13:49:55] Auto-continue: AI round 7/50 — task 4/5: Add full-text search capabilities with inverted index suppor...
[13:49:55] INFO: AI request (iteration 1, msgs=287)
[13:50:00] INFO: AI response: 149506 prompt + 85 response tokens (total: 12436441 / 126184)
[13:50:00] INFO: AI request (iteration 2, msgs=289)
[13:50:31] INFO: AI response: 149878 prompt + 4713 response tokens (total: 12586319 / 130897)
[13:50:31] INFO: AI request (iteration 3, msgs=291)
[13:50:35] INFO: AI response: 154594 prompt + 38 response tokens (total: 12740913 / 130935)
[13:50:35] INFO: AI request (iteration 4, msgs=293)
[13:50:41] INFO: AI response: 155723 prompt + 346 response tokens (total: 12896636 / 131281)
[13:50:41] INFO: AI request (iteration 5, msgs=295)
[13:50:45] INFO: AI response: 156045 prompt + 142 response tokens (total: 13052681 / 131423)
[13:50:45] INFO: AI request (iteration 6, msgs=297)
[13:50:49] INFO: AI response: 156210 prompt + 39 response tokens (total: 13208891 / 131462)
[13:50:49] INFO: AI request (iteration 7, msgs=299)
[13:51:01] INFO: AI response: 156252 prompt + 182 response tokens (total: 13365143 / 131644)
[13:51:01] INFO: AI request (iteration 8, msgs=301)
[13:51:04] INFO: AI response: 156594 prompt + 56 response tokens (total: 13521737 / 131700)
[13:51:04] INFO: AI request (iteration 9, msgs=304)
[13:51:14] INFO: AI response: 156719 prompt + 536 response tokens (total: 13678456 / 132236)
[13:51:14] INFO: AI request (iteration 10, msgs=306)
[13:51:49] INFO: AI response: 157244 prompt + 2598 response tokens (total: 13835700 / 134834)
[13:51:49] Auto-continue: AI round 8/50 — task 5/5: Update the configuration schema in config.json to include ne...
[13:51:49] INFO: AI request (iteration 1, msgs=309)
[13:51:58] INFO: AI response: 159912 prompt + 488 response tokens (total: 13995612 / 135322)
[13:51:58] INFO: AI request (iteration 2, msgs=311)
[13:52:09] INFO: AI response: 160412 prompt + 624 response tokens (total: 14156024 / 135946)
[13:52:09] INFO: AI request (iteration 3, msgs=313)
[13:52:18] INFO: AI response: 161044 prompt + 534 response tokens (total: 14317068 / 136480)
[13:52:18] INFO: AI request (iteration 4, msgs=315)
[13:52:34] INFO: AI response: 161584 prompt + 1186 response tokens (total: 14478652 / 137666)
[13:52:34] INFO: AI request (iteration 5, msgs=317)
[13:52:38] INFO: AI response: 162776 prompt + 49 response tokens (total: 14641428 / 137715)
[13:52:38] INFO: AI request (iteration 6, msgs=319)
[13:52:47] INFO: AI response: 163209 prompt + 615 response tokens (total: 14804637 / 138330)
[13:52:47] INFO: AI request (iteration 7, msgs=321)
[13:53:14] INFO: AI response: 163850 prompt + 2619 response tokens (total: 14968487 / 140949)
[13:53:14] INFO: AI request (iteration 8, msgs=323)
[13:53:17] INFO: AI response: 166469 prompt + 44 response tokens (total: 15134956 / 140993)
[13:53:17] INFO: AI request (iteration 9, msgs=325)
[13:53:22] INFO: AI response: 166902 prompt + 151 response tokens (total: 15301858 / 141144)
[13:53:22] INFO: AI request (iteration 10, msgs=327)
[13:53:27] INFO: AI response: 167095 prompt + 75 response tokens (total: 15468953 / 141219)
[13:53:27] Auto-continue: AI round 9/50 — task 5/5: Update the configuration schema in config.json to include ne...
[13:53:27] INFO: AI request (iteration 1, msgs=330)
[13:53:41] INFO: AI response: 167252 prompt + 1166 response tokens (total: 15636205 / 142385)
[13:53:41] INFO: AI request (iteration 2, msgs=332)
[13:53:45] INFO: AI response: 168420 prompt + 40 response tokens (total: 15804625 / 142425)
[13:53:45] INFO: AI request (iteration 3, msgs=334)
[13:53:54] INFO: AI response: 169007 prompt + 519 response tokens (total: 15973632 / 142944)
[13:53:54] Auto-continue: AI round 10/50 — task 5/5: Update the configuration schema in config.json to include ne...
[13:53:54] INFO: AI request (iteration 1, msgs=336)
[13:54:03] INFO: AI response: 169068 prompt + 528 response tokens (total: 16142700 / 143472)
[13:54:03] INFO: AI request (iteration 2, msgs=338)
[13:54:09] INFO: AI response: 169625 prompt + 323 response tokens (total: 16312325 / 143795)
[13:54:09] INFO: AI request (iteration 3, msgs=340)
[13:54:13] INFO: AI response: 169969 prompt + 101 response tokens (total: 16482294 / 143896)
[13:54:13] INFO: AI request (iteration 4, msgs=342)
[13:54:17] INFO: AI response: 170126 prompt + 39 response tokens (total: 16652420 / 143935)
[13:54:17] INFO: AI request (iteration 5, msgs=344)
[13:54:45] INFO: AI response: 173004 prompt + 2875 response tokens (total: 16825424 / 146810)
[13:54:51] INFO: AI request (iteration 6, msgs=34)
[13:54:53] INFO: AI response: 14696 prompt + 55 response tokens (total: 16840120 / 146865)
[13:54:53] INFO: AI request (iteration 7, msgs=36)
[13:54:59] INFO: AI response: 15030 prompt + 643 response tokens (total: 16855150 / 147508)
[13:54:59] INFO: AI request (iteration 8, msgs=38)
[13:55:01] INFO: AI response: 15679 prompt + 28 response tokens (total: 16870829 / 147536)
[13:55:01] INFO: AI request (iteration 9, msgs=40)
[13:55:05] INFO: AI response: 15708 prompt + 291 response tokens (total: 16886537 / 147827)
[13:55:05] You: 
