[2026-07-02 05:22:37] CMD: cat /tmp/.plan_1782968431.5510702.json | SUCCESS: True | OUTPUT_LEN: 75
[2026-07-02 23:53:31] CMD: python server.py | SUCCESS: True | OUTPUT_LEN: 409
[2026-07-02 23:53:31] CMD: pkill -f python server.py | SUCCESS: False | OUTPUT_LEN: 0
[2026-07-02 23:54:01] CMD: python3 server.py | SUCCESS: True | OUTPUT_LEN: 350
[2026-07-02 23:54:01] CMD: bash -c sleep 2 && echo Server started successfully | SUCCESS: True | OUTPUT_LEN: 74
[2026-07-02 23:56:00] CMD: python3 server.py | SUCCESS: True | OUTPUT_LEN: 350
[2026-07-02 23:56:06] CMD: python3 -c import plyvel; print(plyvel version:, plyvel.__version__) | SUCCESS: True | OUTPUT_LEN: 112
[2026-07-02 23:56:06] CMD: which python3 | SUCCESS: False | OUTPUT_LEN: 0
[2026-07-02 23:56:06] CMD: python3 -m pip list | grep plyvel | SUCCESS: True | OUTPUT_LEN: 321
[2026-07-03 00:17:35] CMD: python3 -c from database import Database; db = Database(); print(list_databases:, hasattr(db, list_databases)) | SUCCESS: True | OUTPUT_LEN: 81
[2026-07-03 00:17:35] CMD: python3 -c from commands import CommandRegistry; from database import Database; db = Database(); reg = CommandRegistry(db); print(SHOW_DATABASES:, SHOW_DATABASES in reg.commands) | SUCCESS: True | OUTPUT_LEN: 81
[2026-07-03 00:17:35] CMD: python3 -c from parser import CommandParser; p = CommandParser(); print(p.parse(SHOW DATABASES)) | SUCCESS: True | OUTPUT_LEN: 81
[2026-07-03 00:17:43] CMD: python3 server.py | SUCCESS: True | OUTPUT_LEN: 457
[2026-07-03 00:17:43] CMD: bash -c sleep 3 && echo Server test complete | SUCCESS: True | OUTPUT_LEN: 74
[2026-07-03 00:18:15] CMD: python3 server.py | SUCCESS: True | OUTPUT_LEN: 350
[2026-07-03 00:18:15] CMD: bash -c sleep 2 | SUCCESS: True | OUTPUT_LEN: 74
[2026-07-03 00:38:26] CMD: python3 -c from parser import CommandParser; p = CommandParser(); print("SHOW DATABASES:", p.parse("SHOW DATABASES")); print("SHOW TABLES:", p.parse("SHOW TABLES")) | SUCCESS: True | OUTPUT_LEN: 72
[2026-07-03 02:47:31] CMD: python3 -c from commands import CommandRegistry; from database import Database; db = Database(); reg = CommandRegistry(db); print("Commands:", list(reg.commands.keys())) | SUCCESS: True | OUTPUT_LEN: 594
[2026-07-03 02:53:39] CMD: python3 -c from parser import CommandParser; p = CommandParser(); print(p.parse("SELECT * FROM users ORDER BY name DESC")) | SUCCESS: True | OUTPUT_LEN: 408
[2026-07-03 02:53:39] CMD: python3 -c from database import Database; db = Database(); print("create_table:", db.create_table("test", ["id PRIMARY KEY", "name INDEX", "age"])); print("insert:", db.insert("test", [1, "Alice", 30])); print("insert:", db.insert("test", [2, "Bob", 25])); print("select:", db.select("test", order_by="name")) | SUCCESS: True | OUTPUT_LEN: 577
[2026-07-03 02:55:04] CMD: python3 -c from parser import CommandParser; p = CommandParser(); print("ORDER BY:", p.parse("SELECT * FROM users ORDER BY name DESC")) | SUCCESS: True | OUTPUT_LEN: 135
[2026-07-03 02:55:04] CMD: python3 -c from database import Database; db = Database(); print("create_table:", db.create_table("test", ["id PRIMARY KEY", "name INDEX", "age"])); print("insert:", db.insert("test", [1, "Charlie", 30])); print("insert:", db.insert("test", [2, "Alice", 25])); print("insert:", db.insert("test", [3, "Bob", 35])); print("select by name:", db.select("test", order_by="name")) | SUCCESS: True | OUTPUT_LEN: 653
[2026-07-03 23:48:56] CMD: python3 server.py --help | SUCCESS: True | OUTPUT_LEN: 174
[2026-07-03 23:48:56] CMD: python3 server.py --prepare_admin admin --prepare_password skrlat | SUCCESS: True | OUTPUT_LEN: 174
[2026-07-03 23:49:40] CMD: python3 server.py --help | SUCCESS: True | OUTPUT_LEN: 322
[2026-07-03 23:49:40] CMD: python3 server.py --prepare_admin admin --prepare_password skrlat | SUCCESS: True | OUTPUT_LEN: 322
[2026-07-03 23:49:48] CMD: python3 server.py --help | SUCCESS: True | OUTPUT_LEN: 322
[2026-07-04 00:08:40] CMD: pwd     | SUCCESS: True | OUTPUT_LEN: 121
[2026-07-04 00:08:42] CMD: pwd | SUCCESS: True | OUTPUT_LEN: 63
[2026-07-04 00:08:45] CMD: .venv/bin/python server.py --prepare_admin admin --prepare_password | SUCCESS: False | OUTPUT_LEN: 0
[2026-07-04 00:08:48] CMD: python3 server.py --prepare_admin admin --prepare_password | SUCCESS: True | OUTPUT_LEN: 350
[2026-07-04 00:08:50] CMD: pip install plyvel | SUCCESS: False | OUTPUT_LEN: 0
[2026-07-04 00:08:54] CMD: bash -c source .venv/bin/activate && python server.py --prepare_admin admin --prepare_password skrlat | SUCCESS: True | OUTPUT_LEN: 92
[2026-07-04 00:08:57] CMD: bash -c python3 -m py_compile database.py commands.py server.py && echo "Syntax OK" | SUCCESS: True | OUTPUT_LEN: 10
[2026-07-04 04:46:55] CMD: python3 -m py_compile server.py | SUCCESS: True | OUTPUT_LEN: 0
[2026-07-04 04:46:57] CMD: python3 server.py --help | SUCCESS: True | OUTPUT_LEN: 350
[2026-07-04 04:49:29] CMD: python3 -m py_compile server.py database.py auth.py | SUCCESS: True | OUTPUT_LEN: 126
[2026-07-04 04:49:52] CMD: bash -c python3 -m py_compile server.py database.py auth.py commands.py parser.py binlog.py && echo "All files OK" | SUCCESS: True | OUTPUT_LEN: 13
[2026-07-04 04:51:40] CMD: bash -c python3 -m py_compile server.py database.py auth.py commands.py parser.py binlog.py replication.py replication_commands.py && echo "All files OK" | SUCCESS: True | OUTPUT_LEN: 169
[2026-07-04 04:52:21] CMD: bash -c python3 -m py_compile server.py database.py auth.py commands.py parser.py binlog.py replication.py replication_commands.py && echo "All files OK" | SUCCESS: True | OUTPUT_LEN: 133
[2026-07-04 04:52:46] CMD: bash -c python3 -m py_compile server.py database.py auth.py commands.py parser.py binlog.py replication.py replication_commands.py && echo "All files OK" | SUCCESS: True | OUTPUT_LEN: 112
[2026-07-04 04:53:06] CMD: bash -c python3 -m py_compile server.py database.py auth.py commands.py parser.py binlog.py replication.py replication_commands.py && echo "All files OK" | SUCCESS: True | OUTPUT_LEN: 13
[2026-07-04 04:53:54] CMD: bash -c python3 -m py_compile server.py && echo "Server OK" | SUCCESS: True | OUTPUT_LEN: 121
[2026-07-04 04:54:18] CMD: bash -c python3 -m py_compile server.py database.py auth.py commands.py parser.py binlog.py replication.py replication_commands.py && echo "All files OK" | SUCCESS: True | OUTPUT_LEN: 13
[2026-07-04 04:55:34] CMD: bash -c python3 -m py_compile server.py database.py auth.py commands.py parser.py binlog.py replication.py replication_commands.py && echo "All files syntax OK" | SUCCESS: True | OUTPUT_LEN: 117
[2026-07-04 04:56:09] CMD: bash -c python3 -m py_compile server.py database.py auth.py commands.py parser.py binlog.py replication.py replication_commands.py && echo "All files OK" | SUCCESS: True | OUTPUT_LEN: 13
[2026-07-04 08:02:21] CMD: bash -c php -l examples/php/LevelDBClient.php && php -l examples/php/basic_example.php && php -l examples/php/replication_example.php && echo "PHP files OK" | SUCCESS: True | OUTPUT_LEN: 45
[2026-07-04 08:02:25] CMD: bash -c python3 -m py_compile examples/python/leveldb_client.py examples/python/basic_example.py examples/python/replication_example.py && echo "Python files OK" | SUCCESS: True | OUTPUT_LEN: 16
[2026-07-10 17:45:19] CMD: find . -name *.py -type f | SUCCESS: True | OUTPUT_LEN: 29667
[2026-07-10 17:46:12] CMD: python3 -m py_compile cli.py | SUCCESS: True | OUTPUT_LEN: 0
[2026-07-10 17:47:48] CMD: python3 -m py_compile server.py | SUCCESS: True | OUTPUT_LEN: 0
[2026-07-10 17:47:48] CMD: python3 -m py_compile commands.py | SUCCESS: True | OUTPUT_LEN: 0
[2026-07-10 17:47:48] CMD: python3 -m py_compile parser.py | SUCCESS: True | OUTPUT_LEN: 115
[2026-07-10 17:48:12] CMD: python3 -m py_compile parser.py | SUCCESS: True | OUTPUT_LEN: 0
[2026-07-10 17:48:12] CMD: python3 -m py_compile cli.py | SUCCESS: True | OUTPUT_LEN: 0
[2026-07-10 17:48:12] CMD: python3 -m py_compile commands.py | SUCCESS: True | OUTPUT_LEN: 0
[2026-07-10 17:48:12] CMD: python3 -m py_compile server.py | SUCCESS: True | OUTPUT_LEN: 0
[2026-07-10 17:49:55] CMD: python3 -m py_compile commands.py | SUCCESS: True | OUTPUT_LEN: 0
[2026-07-10 17:49:55] CMD: python3 -m py_compile parser.py | SUCCESS: True | OUTPUT_LEN: 116
[2026-07-10 17:50:12] CMD: python3 -m py_compile parser.py | SUCCESS: True | OUTPUT_LEN: 0
[2026-07-10 17:50:12] CMD: python3 -m py_compile commands.py | SUCCESS: True | OUTPUT_LEN: 0
[2026-07-10 17:51:05] CMD: python3 -m py_compile replication.py | SUCCESS: True | OUTPUT_LEN: 1145
[2026-07-10 17:54:04] CMD: python3 -m py_compile database.py | SUCCESS: True | OUTPUT_LEN: 0
[2026-07-10 17:54:04] CMD: python3 -m py_compile commands.py | SUCCESS: True | OUTPUT_LEN: 0
[2026-07-10 17:54:04] CMD: python3 -m py_compile parser.py | SUCCESS: True | OUTPUT_LEN: 311
[2026-07-10 17:54:11] CMD: python3 -m py_compile parser.py | SUCCESS: True | OUTPUT_LEN: 0
[2026-07-10 17:55:06] CMD: python3 -m py_compile distributed_tx.py | SUCCESS: True | OUTPUT_LEN: 0
[2026-07-10 17:55:27] CMD: python3 -m py_compile commands.py | SUCCESS: True | OUTPUT_LEN: 121
[2026-07-10 17:55:27] CMD: python3 -m py_compile parser.py | SUCCESS: True | OUTPUT_LEN: 153
[2026-07-10 17:56:37] CMD: python3 -m py_compile commands.py | SUCCESS: True | OUTPUT_LEN: 0
[2026-07-10 17:56:37] CMD: python3 -m py_compile parser.py | SUCCESS: True | OUTPUT_LEN: 0
[2026-07-10 17:57:50] CMD: python3 -m py_compile failover.py | SUCCESS: True | OUTPUT_LEN: 0
[2026-07-10 17:57:50] CMD: python3 -m py_compile commands.py | SUCCESS: True | OUTPUT_LEN: 121
[2026-07-10 17:57:50] CMD: python3 -m py_compile parser.py | SUCCESS: True | OUTPUT_LEN: 167
[2026-07-10 17:58:54] CMD: python3 -m py_compile commands.py | SUCCESS: True | OUTPUT_LEN: 0
[2026-07-10 17:58:54] CMD: python3 -m py_compile parser.py | SUCCESS: True | OUTPUT_LEN: 0
[2026-07-10 17:59:31] CMD: python3 -m py_compile monitoring.py | SUCCESS: True | OUTPUT_LEN: 0
[2026-07-10 17:59:47] CMD: python3 -m py_compile commands.py | SUCCESS: True | OUTPUT_LEN: 105
[2026-07-10 18:02:34] CMD: python3 -m py_compile commands.py | SUCCESS: True | OUTPUT_LEN: 0
[2026-07-10 18:02:34] CMD: python3 -m py_compile parser.py | SUCCESS: True | OUTPUT_LEN: 0
[2026-07-10 18:03:38] CMD: python3 -m py_compile test_integration.py | SUCCESS: True | OUTPUT_LEN: 0
[2026-07-10 18:05:01] CMD: ls -la | SUCCESS: True | OUTPUT_LEN: 1987
[2026-07-11 14:27:34] CMD: python test_security.py | SUCCESS: False | OUTPUT_LEN: 9
[2026-07-11 14:27:57] CMD: python3 test_security.py -v | SUCCESS: True | OUTPUT_LEN: 0
[2026-07-11 14:28:03] CMD: bash -c python3 test_security.py 2>&1 | head -100 | SUCCESS: True | OUTPUT_LEN: 0
[2026-07-11 14:28:11] CMD: bash -c python3 -c 'import test_security; print("Import successful")' | SUCCESS: True | OUTPUT_LEN: 18
[2026-07-11 14:28:13] CMD: bash -c cd /home/t3ch/adata2/OurAI/playground/collecting_program_data/KosDB && python3 -m unittest test_security -v 2>&1 | head -80 | SUCCESS: True | OUTPUT_LEN: 4589
[2026-07-11 14:28:24] CMD: bash -c cd /home/t3ch/adata2/OurAI/playground/collecting_program_data/KosDB && python3 -m unittest test_security -v 2>&1 | tail -30 | SUCCESS: True | OUTPUT_LEN: 1565
[2026-07-11 14:28:48] CMD: bash -c cd /home/t3ch/adata2/OurAI/playground/collecting_program_data/KosDB && python3 -m unittest test_security -v 2>&1 | tail -40 | SUCCESS: True | OUTPUT_LEN: 2188
[2026-07-11 14:28:55] CMD: bash -c cd /home/t3ch/adata2/OurAI/playground/collecting_program_data/KosDB && python3 -m unittest test_security -v 2>&1 | tail -20 | SUCCESS: True | OUTPUT_LEN: 1001
[2026-07-11 14:29:31] CMD: bash -c cd /home/t3ch/adata2/OurAI/playground/collecting_program_data/KosDB && python3 -m unittest test_security -v 2>&1 | tail -30 | SUCCESS: True | OUTPUT_LEN: 1572
[2026-07-11 14:29:52] CMD: bash -c cd /home/t3ch/adata2/OurAI/playground/collecting_program_data/KosDB && python3 -m unittest test_security -v 2>&1 | tail -30 | SUCCESS: True | OUTPUT_LEN: 909
[2026-07-11 14:31:32] CMD: bash -c cd /home/t3ch/adata2/OurAI/playground/collecting_program_data/KosDB && python3 -m unittest test_security -v 2>&1 | tail -30 | SUCCESS: True | OUTPUT_LEN: 1612
[2026-07-11 14:47:43] CMD: bash -c cd /home/t3ch/adata2/OurAI/playground/collecting_program_data/KosDB.test && python -m py_compile server.py 2>&1 | head -20 | SUCCESS: True | OUTPUT_LEN: 40
[2026-07-11 14:47:46] CMD: bash -c cd /home/t3ch/adata2/OurAI/playground/collecting_program_data/KosDB.test && python3 -m py_compile server.py 2>&1 | head -20 | SUCCESS: True | OUTPUT_LEN: 68
[2026-07-11 14:49:37] CMD: bash -c cd /home/t3ch/adata2/OurAI/playground/collecting_program_data/KosDB && find . -maxdepth 2 -type f -name '*.py' -o -name '*.md' -o -name '*.txt' -o -name '*.json' | sort | head -100 | SUCCESS: True | OUTPUT_LEN: 2088
[2026-07-11 14:49:41] CMD: bash -c cd /home/t3ch/adata2/OurAI/playground/collecting_program_data/KosDB && ls -la *.py *.md 2>/dev/null | wc -l && echo '---' && ls test_*.py 2>/dev/null | wc -l | SUCCESS: True | OUTPUT_LEN: 11
[2026-07-11 14:50:00] CMD: bash -c cd /home/t3ch/adata2/OurAI/playground/collecting_program_data/KosDB && grep -l "class.*Command" *_commands.py 2>/dev/null | head -20 && echo '---' && ls *_README.md 2>/dev/null | SUCCESS: True | OUTPUT_LEN: 432
